\BOOKMARK [1][-]{section.1}{\376\377\000I\000n\000t\000r\000o\000d\000u\000\347\000\343\000o}{}% 1
\BOOKMARK [1][-]{section.2}{\376\377\000A\000n\000\341\000l\000i\000s\000e\000\040\000p\000r\000e\000l\000i\000m\000i\000n\000a\000r}{}% 2
\BOOKMARK [2][-]{subsection.2.1}{\376\377\000A\000f}{section.2}% 3
\BOOKMARK [2][-]{subsection.2.2}{}{section.2}% 4
\BOOKMARK [2][-]{subsection.2.3}{\376\377\000A}{section.2}% 5
\BOOKMARK [3][-]{subsubsection.2.3.1}{\376\377\000C\000o\000r\000r\000e\000n\000t\000e\000\040\000n\000o\000s\000\040\000t\000r\000a\000n\000s\000i\000s\000t\000o\000r\000e\000s}{subsection.2.3}% 6
\BOOKMARK [2][-]{subsection.2.4}{\376\377\000A\000n\000\341\000l\000i\000s\000e\000\040\000d\000e\000\040\000p\000e\000q\000u\000e\000n\000o\000s\000\040\000s\000i\000n\000a\000i\000s}{section.2}% 7
\BOOKMARK [3][-]{subsubsection.2.4.1}{\376\377\000C\000a\000l\000c\000u\000l\000a\000n\000d\000o\000\040\000p\000a\000r\000\342\000m\000e\000t\000r\000o\000s}{subsection.2.4}% 8
\BOOKMARK [3][-]{subsubsection.2.4.2}{\376\377\000I\000m\000p\000e\000d\000\342\000n\000c\000i\000a\000s\000\040\000e\000\040\000g\000a\000n\000h\000o\000s}{subsection.2.4}% 9
\BOOKMARK [1][-]{section.3}{\376\377\000M\000e\000d\000i\000\347\000\365\000e\000s\000\040\000e\000m\000\040\000l\000a\000b\000o\000r\000a\000t\000\363\000r\000i\000o}{}% 10
\BOOKMARK [2][-]{subsection.3.1}{\376\377\000T\000a\000b\000e\000l\000a\000\040\000d\000e\000\040\000c\000o\000m\000p\000o\000n\000e\000n\000t\000e\000s}{section.3}% 11
\BOOKMARK [2][-]{subsection.3.2}{\376\377\000M\000e\000d\000i\000d\000a\000s\000\040\000s\000o\000b\000\040\000d\000i\000f\000e\000r\000e\000n\000t\000e\000s\000\040\000c\000o\000n\000d\000i\000\347\000\365\000e\000s}{section.3}% 12
\BOOKMARK [1][-]{section.4}{\376\377\000A\000n\000\341\000l\000i\000s\000e\000\040\000d\000o\000s\000\040\000r\000e\000s\000u\000l\000t\000a\000d\000o\000s}{}% 13
\BOOKMARK [2][-]{subsection.4.1}{\376\377\000F\000r\000e\000q\000u\000\352\000n\000c\000i\000a\000s\000\040\000d\000e\000\040\000c\000o\000r\000t\000e}{section.4}% 14
\BOOKMARK [3][-]{subsubsection.4.1.1}{\376\377\000C\000i\000r\000c\000u\000i\000t\000o\000\040\000o\000r\000i\000g\000i\000n\000a\000l}{subsection.4.1}% 15
\BOOKMARK [3][-]{subsubsection.4.1.2}{\376\377\000C\000i\000r\000c\000u\000i\000t\000o\000\040\000c\000o\000m\000\040\000C\0001\000\040\0001\0000\000\040\000v\000e\000z\000e\000s\000\040\000m\000e\000n\000o\000r}{subsection.4.1}% 16
\BOOKMARK [3][-]{subsubsection.4.1.3}{\376\377\000C\000i\000r\000c\000u\000i\000t\000o\000\040\000c\000o\000m\000\040\000C\0001\000\040\0001\0000\000\040\000v\000e\000z\000e\000s\000\040\000m\000a\000i\000o\000r}{subsection.4.1}% 17
\BOOKMARK [3][-]{subsubsection.4.1.4}{\376\377\000C\000i\000r\000c\000u\000i\000t\000o\000\040\000c\000o\000m\000\040\000C\0002\000\040\0001\0000\000\040\000v\000e\000z\000e\000s\000\040\000m\000e\000n\000o\000r}{subsection.4.1}% 18
\BOOKMARK [3][-]{subsubsection.4.1.5}{\376\377\000C\000i\000r\000c\000u\000i\000t\000o\000\040\000c\000o\000m\000\040\000C\0002\000\040\0001\0000\000\040\000v\000e\000z\000e\000s\000\040\000m\000a\000i\000o\000r}{subsection.4.1}% 19
\BOOKMARK [3][-]{subsubsection.4.1.6}{\376\377\000C\000i\000r\000c\000u\000i\000t\000o\000\040\000c\000o\000m\000\040\000C\0003\000\040\0001\0000\000\040\000v\000e\000z\000e\000s\000\040\000m\000e\000n\000o\000r}{subsection.4.1}% 20
\BOOKMARK [3][-]{subsubsection.4.1.7}{\376\377\000C\000i\000r\000c\000u\000i\000t\000o\000\040\000c\000o\000m\000\040\000C\0003\000\040\0001\0000\000\040\000v\000e\000z\000e\000s\000\040\000m\000a\000i\000o\000r}{subsection.4.1}% 21
\BOOKMARK [2][-]{subsection.4.2}{\376\377\000C\000a\000p\000a\000c\000i\000t\000o\000r\000\040\000d\000o\000m\000i\000n\000a\000n\000t\000e}{section.4}% 22
\BOOKMARK [1][-]{section.5}{\376\377\000C\000o\000n\000c\000l\000u\000s\000\365\000e\000s}{}% 23
