\BOOKMARK [1][-]{section.1}{\376\377\000I\000n\000t\000r\000o\000d\000u\000\347\000\343\000o}{}% 1
\BOOKMARK [1][-]{section.2}{\376\377\000A\000n\000\341\000l\000i\000s\000e\000\040\000p\000r\000e\000l\000i\000m\000i\000n\000a\000r}{}% 2
\BOOKMARK [2][-]{subsection.2.1}{\376\377\000A\000n\000\341\000l\000i\000s\000e\000\040\000s\000i\000m\000b\000\363\000l\000i\000c\000a\000\040\000g\000r\000a\000n\000d\000e\000s\000\040\000s\000i\000n\000a\000i\000s}{section.2}% 3
\BOOKMARK [3][-]{subsubsection.2.1.1}{\376\377\000R\000e\000s\000t\000r\000i\000c\000\365\000e\000s}{subsection.2.1}% 4
\BOOKMARK [3][-]{subsubsection.2.1.2}{\376\377\000A\000n\000\341\000l\000i\000s\000e\000\040\000n\000o\000d\000a\000l\000\040\000d\000o\000\040\000c\000i\000r\000c\000u\000i\000t\000o}{subsection.2.1}% 5
\BOOKMARK [3][-]{subsubsection.2.1.3}{\376\377\000S\000o\000l\000u\000\347\000\343\000o\000\040\000d\000a\000s\000\040\000t\000e\000n\000s\000\365\000e\000s\000\040\000e\000\040\000c\000o\000r\000r\000e\000n\000t\000e\000s}{subsection.2.1}% 6
\BOOKMARK [2][-]{subsection.2.2}{\376\377\000A\000n\000\341\000l\000i\000s\000e\000\040\000s\000i\000m\000b\000\363\000l\000i\000c\000a\000\040\000p\000e\000q\000u\000e\000n\000o\000s\000\040\000s\000i\000n\000a\000i\000s}{section.2}% 7
\BOOKMARK [3][-]{subsubsection.2.2.1}{\376\377\000A\000n\000\341\000l\000i\000s\000e\000\040\000n\000o\000d\000a\000l\000\040\000d\000o\000\040\000c\000i\000r\000c\000u\000i\000t\000o}{subsection.2.2}% 8
\BOOKMARK [3][-]{subsubsection.2.2.2}{\376\377\000G\000a\000n\000h\000o\000\040\000d\000e\000\040\000t\000e\000n\000s\000\343\000o}{subsection.2.2}% 9
\BOOKMARK [3][-]{subsubsection.2.2.3}{\376\377\000R\000e\000s\000i\000s\000t\000\352\000n\000c\000i\000a\000\040\000d\000e\000\040\000e\000n\000t\000r\000a\000d\000a}{subsection.2.2}% 10
\BOOKMARK [3][-]{subsubsection.2.2.4}{\376\377\000R\000e\000s\000i\000s\000t\000\352\000n\000c\000i\000a\000\040\000d\000e\000\040\000T\000h\000e\000v\000e\000n\000i\000n}{subsection.2.2}% 11
\BOOKMARK [3][-]{subsubsection.2.2.5}{\376\377\000T\000e\000n\000s\000\343\000o\000\040\000d\000e\000\040\000T\000h\000e\000v\000e\000n\000i\000n}{subsection.2.2}% 12
\BOOKMARK [3][-]{subsubsection.2.2.6}{\376\377\000C\000o\000n\000s\000t\000a\000n\000t\000e\000\040\000d\000e\000\040\000p\000r\000o\000p\000o\000r\000c\000i\000o\000n\000a\000l\000i\000d\000a\000d\000e}{subsection.2.2}% 13
\BOOKMARK [2][-]{subsection.2.3}{\376\377\000P\000r\000o\000j\000e\000t\000o\000\040\000d\000o\000\040\000c\000i\000r\000c\000u\000i\000t\000o}{section.2}% 14
\BOOKMARK [3][-]{subsubsection.2.3.1}{\376\377\000C\000o\000m\000p\000o\000n\000e\000n\000t\000e\000s}{subsection.2.3}% 15
\BOOKMARK [3][-]{subsubsection.2.3.2}{\376\377\000A\000p\000r\000o\000x\000i\000m\000a\000\347\000\365\000e\000s\000\040\000p\000a\000r\000a\000\040\000v\000a\000l\000o\000r\000e\000s\000\040\000c\000o\000m\000e\000r\000c\000i\000a\000i\000s}{subsection.2.3}% 16
\BOOKMARK [3][-]{subsubsection.2.3.3}{\376\377\000T\000e\000n\000s\000\343\000o\000\040\000p\000a\000r\000a\000\040\000g\000r\000a\000n\000d\000e\000s\000\040\000s\000i\000n\000a\000i\000s}{subsection.2.3}% 17
\BOOKMARK [3][-]{subsubsection.2.3.4}{\376\377\000T\000e\000n\000s\000\343\000o\000\040\000p\000a\000r\000a\000\040\000p\000e\000q\000u\000e\000n\000o\000s\000\040\000s\000i\000n\000a\000i\000s}{subsection.2.3}% 18
\BOOKMARK [1][-]{section.3}{\376\377\000M\000e\000d\000i\000\347\000\365\000e\000s\000\040\000e\000m\000\040\000l\000a\000b\000o\000r\000a\000t\000\363\000r\000i\000o}{}% 19
\BOOKMARK [1][-]{section.4}{\376\377\000A\000n\000\341\000l\000i\000s\000e\000\040\000d\000o\000s\000\040\000r\000e\000s\000u\000l\000t\000a\000d\000o\000s}{}% 20
\BOOKMARK [2][-]{subsection.4.1}{\376\377\000E\000x\000e\000m\000p\000l\000o\000\040\0001}{section.4}% 21
\BOOKMARK [2][-]{subsection.4.2}{\376\377\000E\000x\000e\000m\000p\000l\000o\000\040\0002}{section.4}% 22
\BOOKMARK [1][-]{section.5}{\376\377\000C\000o\000n\000c\000l\000u\000s\000\365\000e\000s}{}% 23
