\BOOKMARK [1][-]{section.1}{\376\377\000I\000n\000t\000r\000o\000d\000u\000\347\000\343\000o}{}% 1
\BOOKMARK [1][-]{section.2}{\376\377\000A\000n\000\341\000l\000i\000s\000e\000\040\000p\000r\000e\000l\000i\000m\000i\000n\000a\000r}{}% 2
\BOOKMARK [2][-]{subsection.2.1}{\376\377\000O\000\040\000C\000i\000r\000c\000u\000i\000t\000o}{section.2}% 3
\BOOKMARK [2][-]{subsection.2.2}{\376\377\000W\000x\000M\000a\000x\000i\000m\000a}{section.2}% 4
\BOOKMARK [3][-]{subsubsection.2.2.1}{\376\377\000A\000n\000\341\000l\000i\000s\000e\000\040\000g\000e\000r\000a\000l\000\040\000d\000o\000\040\000c\000i\000r\000c\000u\000i\000t\000o}{subsection.2.2}% 5
\BOOKMARK [3][-]{subsubsection.2.2.2}{\376\377\000A\000n\000\341\000l\000i\000s\000e\000\040\000d\000o\000\040\000c\000i\000r\000c\000u\000i\000t\000o\000\040\0001}{subsection.2.2}% 6
\BOOKMARK [3][-]{subsubsection.2.2.3}{\376\377\000A\000n\000\341\000l\000i\000s\000e\000\040\000d\000o\000\040\000c\000i\000r\000c\000u\000i\000t\000o\000\040\0002}{subsection.2.2}% 7
\BOOKMARK [2][-]{subsection.2.3}{\376\377\000L\000T\000S\000p\000i\000c\000e}{section.2}% 8
\BOOKMARK [3][-]{subsubsection.2.3.1}{\376\377\000M\000o\000n\000t\000a\000g\000e\000m\000\040\000d\000o\000\040\000c\000i\000r\000c\000u\000i\000t\000o}{subsection.2.3}% 9
\BOOKMARK [2][-]{subsection.2.4}{\376\377\000C\000i\000r\000c\000u\000i\000t\000o\000\040\0001}{section.2}% 10
\BOOKMARK [2][-]{subsection.2.5}{\376\377\000C\000i\000r\000c\000u\000i\000t\000o\000\040\0002}{section.2}% 11
\BOOKMARK [1][-]{section.3}{\376\377\000M\000e\000d\000i\000\347\000\365\000e\000s\000\040\000e\000m\000\040\000l\000a\000b\000o\000r\000a\000t\000\363\000r\000i\000o}{}% 12
\BOOKMARK [2][-]{subsection.3.1}{\376\377\000T\000a\000b\000e\000l\000a\000\040\000d\000e\000\040\000c\000o\000m\000p\000o\000n\000e\000n\000t\000e\000s}{section.3}% 13
\BOOKMARK [2][-]{subsection.3.2}{\376\377\000C\000i\000r\000c\000u\000i\000t\000o\000\040\0001}{section.3}% 14
\BOOKMARK [3][-]{subsubsection.3.2.1}{\376\377\000T\000a\000b\000e\000l\000a\000\040\000d\000e\000\040\000v\000a\000l\000o\000r\000e\000s}{subsection.3.2}% 15
\BOOKMARK [3][-]{subsubsection.3.2.2}{\376\377\000F\000u\000n\000\347\000\343\000o\000\040\000t\000r\000a\000n\000s\000f\000e\000r\000\352\000n\000c\000i\000a}{subsection.3.2}% 16
\BOOKMARK [3][-]{subsubsection.3.2.3}{\376\377\000E\000s\000t\000i\000m\000a\000t\000i\000v\000a\000s\000\040\000e\000x\000p\000e\000r\000i\000m\000e\000n\000t\000a\000i\000s\000\040\000d\000e\000\040\000\040\000|\000\040\000H\000\050\000j\000w\000\051\000\040\000|\000\040}{subsection.3.2}% 17
\BOOKMARK [3][-]{subsubsection.3.2.4}{\376\377\000V\000a\000l\000o\000r\000e\000s\000\040\000d\000e\000\040\000c\000o\000r\000t\000e}{subsection.3.2}% 18
\BOOKMARK [2][-]{subsection.3.3}{\376\377\000C\000i\000r\000c\000u\000i\000t\000o\000\040\0002}{section.3}% 19
\BOOKMARK [3][-]{subsubsection.3.3.1}{\376\377\000T\000a\000b\000e\000l\000a\000\040\000d\000e\000\040\000v\000a\000l\000o\000r\000e\000s}{subsection.3.3}% 20
\BOOKMARK [3][-]{subsubsection.3.3.2}{\376\377\000F\000u\000n\000\347\000\343\000o\000\040\000t\000r\000a\000n\000s\000f\000e\000r\000\352\000n\000c\000i\000a}{subsection.3.3}% 21
\BOOKMARK [3][-]{subsubsection.3.3.3}{\376\377\000E\000s\000t\000i\000m\000a\000t\000i\000v\000a\000s\000\040\000e\000x\000p\000e\000r\000i\000m\000e\000n\000t\000a\000i\000s\000\040\000d\000e\000\040\000\040\000|\000\040\000H\000\050\000j\000w\000\051\000\040\000|\000\040}{subsection.3.3}% 22
\BOOKMARK [3][-]{subsubsection.3.3.4}{\376\377\000V\000a\000l\000o\000r\000e\000s\000\040\000d\000e\000\040\000c\000o\000r\000t\000e}{subsection.3.3}% 23
\BOOKMARK [1][-]{section.4}{\376\377\000C\000o\000n\000c\000l\000u\000s\000\365\000e\000s}{}% 24
