\BOOKMARK [1][-]{section.1}{\376\377\000I\000n\000t\000r\000o\000d\000u\000\347\000\343\000o}{}% 1
\BOOKMARK [1][-]{section.2}{\376\377\000A\000n\000\341\000l\000i\000s\000e\000\040\000p\000r\000e\000l\000i\000m\000i\000n\000a\000r}{}% 2
\BOOKMARK [2][-]{subsection.2.1}{\376\377\000O\000\040\000c\000i\000r\000c\000u\000i\000t\000o}{section.2}% 3
\BOOKMARK [2][-]{subsection.2.2}{\376\377\000M\000a\000x\000i\000m\000a}{section.2}% 4
\BOOKMARK [3][-]{subsubsection.2.2.1}{\376\377\000F\000i\000l\000t\000r\000o\000\040\0001}{subsection.2.2}% 5
\BOOKMARK [3][-]{subsubsection.2.2.2}{\376\377\000F\000i\000l\000t\000r\000o\000\040\0002}{subsection.2.2}% 6
\BOOKMARK [3][-]{subsubsection.2.2.3}{\376\377\000F\000i\000l\000t\000r\000o\000\040\000c\000o\000m\000b\000i\000n\000a\000d\000o}{subsection.2.2}% 7
\BOOKMARK [3][-]{subsubsection.2.2.4}{\376\377\000G\000r\000\341\000f\000i\000c\000o\000\040\000d\000e\000\040\000B\000o\000d\000e}{subsection.2.2}% 8
\BOOKMARK [1][-]{section.3}{\376\377\000M\000e\000d\000i\000\347\000\365\000e\000s\000\040\000e\000m\000\040\000l\000a\000b\000o\000r\000a\000t\000\363\000r\000i\000o}{}% 9
\BOOKMARK [2][-]{subsection.3.1}{\376\377\000O\000s\000\040\000f\000i\000l\000t\000r\000o\000s}{section.3}% 10
\BOOKMARK [2][-]{subsection.3.2}{\376\377\000T\000a\000b\000e\000l\000a\000\040\000d\000e\000\040\000c\000o\000m\000p\000o\000n\000e\000n\000t\000e\000s}{section.3}% 11
\BOOKMARK [2][-]{subsection.3.3}{\376\377\000G\000r\000\341\000f\000i\000c\000o\000s\000\040\000d\000e\000\040\000B\000o\000d\000e\000\040\000d\000o\000s\000\040\000f\000i\000l\000t\000r\000o\000s\000\040\000r\000e\000a\000i\000s}{section.3}% 12
\BOOKMARK [3][-]{subsubsection.3.3.1}{\376\377\000F\000i\000l\000t\000r\000o\000\040\0001}{subsection.3.3}% 13
\BOOKMARK [3][-]{subsubsection.3.3.2}{\376\377\000F\000i\000l\000t\000r\000o\000\040\0002}{subsection.3.3}% 14
\BOOKMARK [3][-]{subsubsection.3.3.3}{\376\377\000F\000i\000l\000t\000r\000o\000\040\000t\000o\000t\000a\000l}{subsection.3.3}% 15
\BOOKMARK [2][-]{subsection.3.4}{\376\377\000C\000o\000m\000p\000o\000r\000t\000a\000m\000e\000n\000t\000o\000\040\000n\000a\000\040\000f\000r\000e\000q\000u\000\352\000n\000c\000i\000a}{section.3}% 16
\BOOKMARK [2][-]{subsection.3.5}{\376\377\000R\000e\000s\000u\000l\000t\000a\000d\000o\000s\000\040\000d\000a\000s\000\040\000m\000e\000d\000i\000d\000a\000s}{section.3}% 17
\BOOKMARK [1][-]{section.4}{\376\377\000P\000\363\000s\000-\000l\000a\000b\000o\000r\000a\000t\000o\000r\000i\000a\000l}{}% 18
\BOOKMARK [2][-]{subsection.4.1}{\376\377\000F\000u\000n\000\347\000\343\000o\000\040\000t\000r\000a\000n\000s\000f\000e\000r\000\352\000n\000c\000i\000a\000\040\000d\000e\000\040\000t\000o\000d\000o\000s\000\040\000f\000i\000l\000t\000r\000o\000s\000\040\000e\000n\000v\000o\000l\000v\000i\000d\000o\000s\000.}{section.4}% 19
\BOOKMARK [3][-]{subsubsection.4.1.1}{\376\377\000F\000i\000l\000t\000r\000o\000\040\0001}{subsection.4.1}% 20
\BOOKMARK [3][-]{subsubsection.4.1.2}{\376\377\000F\000i\000l\000t\000r\000o\000\040\0002}{subsection.4.1}% 21
\BOOKMARK [3][-]{subsubsection.4.1.3}{\376\377\000F\000i\000l\000t\000r\000o\000\040\000t\000o\000t\000a\000l}{subsection.4.1}% 22
\BOOKMARK [2][-]{subsection.4.2}{\376\377\000G\000a\000n\000h\000o\000\040\000d\000o\000\040\000f\000i\000l\000t\000r\000o}{section.4}% 23
\BOOKMARK [2][-]{subsection.4.3}{\376\377\000T\000a\000b\000e\000l\000a\000\040\000d\000e\000\040\000m\000a\000g\000n\000i\000t\000u\000d\000e\000s}{section.4}% 24
\BOOKMARK [2][-]{subsection.4.4}{\376\377\000D\000a\000d\000o\000s\000\040\000a\000c\000h\000a\000d\000o\000\040\000e\000\040\000g\000r\000\341\000f\000i\000c\000o\000\040\000d\000e\000\040\000B\000o\000d\000e}{section.4}% 25
\BOOKMARK [1][-]{section.5}{\376\377\000C\000o\000n\000c\000l\000u\000s\000\365\000e\000s}{}% 26
