Flow report for ir
Thu Sep 21 15:33:11 2023
Quartus Prime Version 20.1.1 Build 720 11/11/2020 SJ Lite Edition


---------------------
; Table of Contents ;
---------------------
  1. Legal Notice
  2. Flow Summary
  3. Flow Settings
  4. Flow Non-Default Global Settings
  5. Flow Elapsed Time
  6. Flow OS Summary
  7. Flow Log
  8. Flow Messages
  9. Flow Suppressed Messages



----------------
; Legal Notice ;
----------------
Copyright (C) 2020  Intel Corporation. All rights reserved.
Your use of Intel Corporation's design tools, logic functions 
and other software and tools, and any partner logic 
functions, and any output files from any of the foregoing 
(including device programming or simulation files), and any 
associated documentation or information are expressly subject 
to the terms and conditions of the Intel Program License 
Subscription Agreement, the Intel Quartus Prime License Agreement,
the Intel FPGA IP License Agreement, or other applicable license
agreement, including, without limitation, that your use is for
the sole purpose of programming logic devices manufactured by
Intel and sold by Intel or its authorized distributors.  Please
refer to the applicable agreement for further details, at
https://fpgasoftware.intel.com/eula.



+----------------------------------------------------------------------------------+
; Flow Summary                                                                     ;
+------------------------------------+---------------------------------------------+
; Flow Status                        ; Successful - Thu Sep 21 15:33:11 2023       ;
; Quartus Prime Version              ; 20.1.1 Build 720 11/11/2020 SJ Lite Edition ;
; Revision Name                      ; ir                                          ;
; Top-level Entity Name              ; top_entity                                  ;
; Family                             ; Cyclone IV E                                ;
; Device                             ; EP4CE6E22C8                                 ;
; Timing Models                      ; Final                                       ;
; Total logic elements               ; 608 / 6,272 ( 10 % )                        ;
;     Total combinational functions  ; 583 / 6,272 ( 9 % )                         ;
;     Dedicated logic registers      ; 336 / 6,272 ( 5 % )                         ;
; Total registers                    ; 336                                         ;
; Total pins                         ; 23 / 92 ( 25 % )                            ;
; Total virtual pins                 ; 0                                           ;
; Total memory bits                  ; 0 / 276,480 ( 0 % )                         ;
; Embedded Multiplier 9-bit elements ; 0 / 30 ( 0 % )                              ;
; Total PLLs                         ; 0 / 2 ( 0 % )                               ;
+------------------------------------+---------------------------------------------+


+-----------------------------------------+
; Flow Settings                           ;
+-------------------+---------------------+
; Option            ; Setting             ;
+-------------------+---------------------+
; Start date & time ; 09/21/2023 15:32:58 ;
; Main task         ; Compilation         ;
; Revision Name     ; ir                  ;
+-------------------+---------------------+


+-------------------------------------------------------------------------------------------------------------------------------------------------------+
; Flow Non-Default Global Settings                                                                                                                      ;
+-------------------------------------+----------------------------------------+---------------+--------------------+-----------------------------------+
; Assignment Name                     ; Value                                  ; Default Value ; Entity Name        ; Section Id                        ;
+-------------------------------------+----------------------------------------+---------------+--------------------+-----------------------------------+
; COMPILER_SIGNATURE_ID               ; 198516028607331.169532117854840        ; --            ; --                 ; --                                ;
; EDA_GENERATE_FUNCTIONAL_NETLIST     ; Off                                    ; --            ; --                 ; eda_board_design_timing           ;
; EDA_GENERATE_FUNCTIONAL_NETLIST     ; Off                                    ; --            ; --                 ; eda_board_design_boundary_scan    ;
; EDA_GENERATE_FUNCTIONAL_NETLIST     ; Off                                    ; --            ; --                 ; eda_board_design_signal_integrity ;
; EDA_GENERATE_FUNCTIONAL_NETLIST     ; Off                                    ; --            ; --                 ; eda_board_design_symbol           ;
; EDA_OUTPUT_DATA_FORMAT              ; Verilog Hdl                            ; --            ; --                 ; eda_simulation                    ;
; EDA_SIMULATION_TOOL                 ; ModelSim-Altera (Verilog)              ; <None>        ; --                 ; --                                ;
; EDA_TIME_SCALE                      ; 1 ps                                   ; --            ; --                 ; eda_simulation                    ;
; MAX_CORE_JUNCTION_TEMP              ; 85                                     ; --            ; --                 ; --                                ;
; MIN_CORE_JUNCTION_TEMP              ; 0                                      ; --            ; --                 ; --                                ;
; NOMINAL_CORE_SUPPLY_VOLTAGE         ; 1.2V                                   ; --            ; --                 ; --                                ;
; NUM_PARALLEL_PROCESSORS             ; All                                    ; --            ; --                 ; --                                ;
; PARTITION_COLOR                     ; -- (Not supported for targeted family) ; --            ; top_entity         ; Top                               ;
; PARTITION_COLOR                     ; -- (Not supported for targeted family) ; --            ; vga_interface_topo ; Top                               ;
; PARTITION_FITTER_PRESERVATION_LEVEL ; -- (Not supported for targeted family) ; --            ; top_entity         ; Top                               ;
; PARTITION_FITTER_PRESERVATION_LEVEL ; -- (Not supported for targeted family) ; --            ; vga_interface_topo ; Top                               ;
; PARTITION_NETLIST_TYPE              ; -- (Not supported for targeted family) ; --            ; top_entity         ; Top                               ;
; PARTITION_NETLIST_TYPE              ; -- (Not supported for targeted family) ; --            ; vga_interface_topo ; Top                               ;
; POWER_BOARD_THERMAL_MODEL           ; None (CONSERVATIVE)                    ; --            ; --                 ; --                                ;
; POWER_PRESET_COOLING_SOLUTION       ; 23 MM HEAT SINK WITH 200 LFPM AIRFLOW  ; --            ; --                 ; --                                ;
; PROJECT_OUTPUT_DIRECTORY            ; output_files                           ; --            ; --                 ; --                                ;
; TOP_LEVEL_ENTITY                    ; top_entity                             ; ir            ; --                 ; --                                ;
+-------------------------------------+----------------------------------------+---------------+--------------------+-----------------------------------+


+--------------------------------------------------------------------------------------------------------------------------+
; Flow Elapsed Time                                                                                                        ;
+----------------------+--------------+-------------------------+---------------------+------------------------------------+
; Module Name          ; Elapsed Time ; Average Processors Used ; Peak Virtual Memory ; Total CPU Time (on all processors) ;
+----------------------+--------------+-------------------------+---------------------+------------------------------------+
; Analysis & Synthesis ; 00:00:05     ; 1.0                     ; 487 MB              ; 00:00:15                           ;
; Fitter               ; 00:00:04     ; 1.2                     ; 1943 MB             ; 00:00:09                           ;
; Assembler            ; 00:00:00     ; 1.0                     ; 346 MB              ; 00:00:00                           ;
; Timing Analyzer      ; 00:00:01     ; 1.2                     ; 604 MB              ; 00:00:01                           ;
; EDA Netlist Writer   ; 00:00:00     ; 1.0                     ; 594 MB              ; 00:00:00                           ;
; Total                ; 00:00:10     ; --                      ; --                  ; 00:00:25                           ;
+----------------------+--------------+-------------------------+---------------------+------------------------------------+


+------------------------------------------------------------------------------------+
; Flow OS Summary                                                                    ;
+----------------------+------------------+------------+------------+----------------+
; Module Name          ; Machine Hostname ; OS Name    ; OS Version ; Processor type ;
+----------------------+------------------+------------+------------+----------------+
; Analysis & Synthesis ; archlappy        ; Arch Linux ; Arch Linux ; x86_64         ;
; Fitter               ; archlappy        ; Arch Linux ; Arch Linux ; x86_64         ;
; Assembler            ; archlappy        ; Arch Linux ; Arch Linux ; x86_64         ;
; Timing Analyzer      ; archlappy        ; Arch Linux ; Arch Linux ; x86_64         ;
; EDA Netlist Writer   ; archlappy        ; Arch Linux ; Arch Linux ; x86_64         ;
+----------------------+------------------+------------+------------+----------------+


------------
; Flow Log ;
------------
quartus_map --read_settings_files=on --write_settings_files=off ir -c ir
quartus_fit --read_settings_files=off --write_settings_files=off ir -c ir
quartus_asm --read_settings_files=off --write_settings_files=off ir -c ir
quartus_sta ir -c ir
quartus_eda --read_settings_files=off --write_settings_files=off ir -c ir



