\BOOKMARK [1][-]{section.1}{\376\377\000I\000n\000t\000r\000o\000d\000u\000\347\000\343\000o}{}% 1
\BOOKMARK [1][-]{section.2}{\376\377\000A\000n\000\341\000l\000i\000s\000e\000\040\000p\000r\000e\000l\000i\000m\000i\000n\000a\000r}{}% 2
\BOOKMARK [2][-]{subsection.2.1}{\376\377\000O\000\040\000c\000i\000r\000c\000u\000i\000t\000o}{section.2}% 3
\BOOKMARK [2][-]{subsection.2.2}{\376\377\000A\000n\000\341\000l\000i\000s\000e\000\040\000s\000i\000m\000b\000\363\000l\000i\000c\000a}{section.2}% 4
\BOOKMARK [3][-]{subsubsection.2.2.1}{\376\377\000R\000e\000s\000t\000r\000i\000\347\000\365\000e\000s}{subsection.2.2}% 5
\BOOKMARK [3][-]{subsubsection.2.2.2}{\376\377\000E\000s\000t\000a\000d\000o\000\040\0001\000:\000\040\000A\000m\000p\000\040\000O\000p\000\040\000l\000i\000g\000a\000d\000o\000\040\000e\000\040\000d\000i\000o\000d\000o\000\040\000p\000o\000l\000a\000r\000i\000z\000a\000d\000o\000\040\000d\000i\000r\000e\000t\000a\000m\000e\000n\000t\000e}{subsection.2.2}% 6
\BOOKMARK [3][-]{subsubsection.2.2.3}{\376\377\000E\000s\000t\000a\000d\000o\000\040\0002\000:\000\040\000A\000m\000p\000\040\000O\000p\000\040\000d\000e\000s\000l\000i\000g\000a\000d\000o\000\040\000e\000\040\000d\000i\000o\000d\000o\000\040\000p\000o\000l\000a\000r\000i\000z\000a\000d\000o\000\040\000i\000n\000v\000e\000r\000s\000a\000m\000e\000n\000t\000e}{subsection.2.2}% 7
\BOOKMARK [3][-]{subsubsection.2.2.4}{\376\377\000E\000s\000t\000a\000d\000o\000\040\0003\000:\000\040\000A\000m\000p\000\040\000O\000p\000\040\000l\000i\000g\000a\000d\000o\000\040\000e\000\040\000d\000i\000o\000d\000o\000\040\000p\000o\000l\000a\000r\000i\000z\000a\000d\000o\000\040\000i\000n\000v\000e\000r\000s\000a\000m\000e\000n\000t\000e}{subsection.2.2}% 8
\BOOKMARK [3][-]{subsubsection.2.2.5}{\376\377\000E\000s\000t\000a\000d\000o\000\040\0004\000:\000\040\000A\000m\000p\000\040\000O\000p\000\040\000d\000e\000s\000l\000i\000g\000a\000d\000o\000\040\000e\000\040\000d\000i\000o\000d\000o\000\040\000p\000o\000l\000a\000r\000i\000z\000a\000d\000o\000\040\000d\000i\000r\000e\000t\000a\000m\000e\000n\000t\000e}{subsection.2.2}% 9
\BOOKMARK [3][-]{subsubsection.2.2.6}{\376\377\000P\000a\000r\000a\000m\000e\000t\000r\000o\000s\000\040\000A\000\040\000e\000\040\000B}{subsection.2.2}% 10
\BOOKMARK [3][-]{subsubsection.2.2.7}{\376\377\000R\000e\000s\000i\000s\000t\000e\000n\000c\000i\000a\000s}{subsection.2.2}% 11
\BOOKMARK [2][-]{subsection.2.3}{\376\377\000P\000r\000o\000j\000e\000t\000a\000n\000d\000o\000\040\000o\000\040\000c\000i\000r\000c\000u\000i\000t\000o}{section.2}% 12
\BOOKMARK [3][-]{subsubsection.2.3.1}{\376\377\000E\000x\000e\000m\000p\000l\000o\000\040\0001}{subsection.2.3}% 13
\BOOKMARK [3][-]{subsubsection.2.3.2}{\376\377\000E\000x\000e\000m\000p\000l\000o\000\040\0002}{subsection.2.3}% 14
\BOOKMARK [1][-]{section.3}{\376\377\000M\000e\000d\000i\000\347\000\365\000e\000s\000\040\000e\000m\000\040\000l\000a\000b\000o\000r\000a\000t\000\363\000r\000i\000o}{}% 15
\BOOKMARK [2][-]{subsection.3.1}{\376\377\000E\000x\000e\000m\000p\000l\000o\000\040\0001}{section.3}% 16
\BOOKMARK [3][-]{subsubsection.3.1.1}{\376\377\000C\000o\000m\000p\000o\000n\000e\000n\000t\000e\000s}{subsection.3.1}% 17
\BOOKMARK [3][-]{subsubsection.3.1.2}{\376\377\000V\000o\000\040\000\050\000t\000\051}{subsection.3.1}% 18
\BOOKMARK [3][-]{subsubsection.3.1.3}{\376\377\000V\000c\000\040\000\050\000t\000\051}{subsection.3.1}% 19
\BOOKMARK [3][-]{subsubsection.3.1.4}{\376\377\000V\000R\0005\000\040\000\050\000t\000\051}{subsection.3.1}% 20
\BOOKMARK [2][-]{subsection.3.2}{\376\377\000E\000x\000e\000m\000p\000l\000o\000\040\0002}{section.3}% 21
\BOOKMARK [3][-]{subsubsection.3.2.1}{\376\377\000C\000o\000m\000p\000o\000n\000e\000n\000t\000e\000s}{subsection.3.2}% 22
\BOOKMARK [3][-]{subsubsection.3.2.2}{\376\377\000V\000o\000\040\000\050\000t\000\051}{subsection.3.2}% 23
\BOOKMARK [3][-]{subsubsection.3.2.3}{\376\377\000V\000c\000\040\000\050\000t\000\051}{subsection.3.2}% 24
\BOOKMARK [3][-]{subsubsection.3.2.4}{\376\377\000V\000R\0005\000\040\000\050\000t\000\051}{subsection.3.2}% 25
\BOOKMARK [1][-]{section.4}{\376\377\000A\000n\000\341\000l\000i\000s\000e\000\040\000d\000o\000s\000\040\000r\000e\000s\000u\000l\000t\000a\000d\000o\000s}{}% 26
\BOOKMARK [2][-]{subsection.4.1}{\376\377\000E\000x\000e\000m\000p\000l\000o\000\040\0001}{section.4}% 27
\BOOKMARK [2][-]{subsection.4.2}{\376\377\000E\000x\000e\000m\000p\000l\000o\000\040\0002}{section.4}% 28
\BOOKMARK [1][-]{section.5}{\376\377\000C\000o\000n\000c\000l\000u\000s\000\365\000e\000s}{}% 29
