\BOOKMARK [1][-]{section.1}{\376\377\000I\000n\000t\000r\000o\000d\000u\000\347\000\343\000o}{}% 1
\BOOKMARK [1][-]{section.2}{\376\377\000C\000l\000a\000s\000s\000e\000\040\000A}{}% 2
\BOOKMARK [2][-]{subsection.2.1}{\376\377\000C\000a\000r\000a\000c\000t\000e\000r\000\355\000s\000t\000i\000c\000a\000s\000\040\000P\000r\000i\000n\000c\000i\000p\000a\000i\000s}{section.2}% 3
\BOOKMARK [3][-]{subsubsection.2.1.1}{\376\377\000O\000p\000e\000r\000a\000\347\000\343\000o\000\040\000C\000o\000n\000t\000\355\000n\000u\000a}{subsection.2.1}% 4
\BOOKMARK [3][-]{subsubsection.2.1.2}{\376\377\000C\000o\000n\000d\000u\000\347\000\343\000o\000\040\000D\000u\000r\000a\000n\000t\000e\000\040\000o\000\040\000C\000i\000c\000l\000o\000\040\000C\000o\000m\000p\000l\000e\000t\000o\000\040\000d\000o\000\040\000S\000i\000n\000a\000l\000\040\000d\000e\000\040\000E\000n\000t\000r\000a\000d\000a}{subsection.2.1}% 5
\BOOKMARK [3][-]{subsubsection.2.1.3}{\376\377\000B\000a\000i\000x\000a\000\040\000E\000f\000i\000c\000i\000\352\000n\000c\000i\000a\000\040\000d\000e\000\040\000E\000n\000e\000r\000g\000i\000a}{subsection.2.1}% 6
\BOOKMARK [2][-]{subsection.2.2}{\376\377\000U\000s\000o\000\040\000c\000o\000m\000u\000m}{section.2}% 7
\BOOKMARK [3][-]{subsubsection.2.2.1}{\376\377\000A\000m\000p\000l\000i\000f\000i\000c\000a\000d\000o\000r\000e\000s\000\040\000d\000e\000\040\000\301\000u\000d\000i\000o\000\040\000d\000e\000\040\000A\000l\000t\000a\000\040\000Q\000u\000a\000l\000i\000d\000a\000d\000e}{subsection.2.2}% 8
\BOOKMARK [3][-]{subsubsection.2.2.2}{\376\377\000A\000m\000p\000l\000i\000f\000i\000c\000a\000d\000o\000r\000e\000s\000\040\000d\000e\000\040\000R\000F\000\040\000d\000e\000\040\000B\000a\000i\000x\000a\000\040\000P\000o\000t\000\352\000n\000c\000i\000a}{subsection.2.2}% 9
\BOOKMARK [3][-]{subsubsection.2.2.3}{\376\377\000P\000o\000l\000a\000r\000i\000z\000a\000\347\000\343\000o}{subsection.2.2}% 10
\BOOKMARK [2][-]{subsection.2.3}{\376\377\000V\000a\000n\000t\000a\000g\000e\000n\000s}{section.2}% 11
\BOOKMARK [3][-]{subsubsection.2.3.1}{\376\377\000B\000a\000i\000x\000a\000\040\000D\000i\000s\000t\000o\000r\000\347\000\343\000o}{subsection.2.3}% 12
\BOOKMARK [3][-]{subsubsection.2.3.2}{\376\377\000L\000i\000n\000e\000a\000r\000i\000d\000a\000d\000e\000\040\000E\000x\000c\000e\000p\000c\000i\000o\000n\000a\000l}{subsection.2.3}% 13
\BOOKMARK [3][-]{subsubsection.2.3.3}{\376\377\000A\000p\000l\000i\000c\000a\000\347\000\365\000e\000s\000\040\000d\000e\000\040\000A\000l\000t\000a\000\040\000F\000i\000d\000e\000l\000i\000d\000a\000d\000e}{subsection.2.3}% 14
\BOOKMARK [3][-]{subsubsection.2.3.4}{\376\377\000B\000a\000i\000x\000a\000\040\000I\000n\000t\000e\000r\000m\000o\000d\000u\000l\000a\000\347\000\343\000o}{subsection.2.3}% 15
\BOOKMARK [3][-]{subsubsection.2.3.5}{\376\377\000Q\000u\000a\000l\000i\000d\000a\000d\000e\000\040\000d\000e\000\040\000S\000o\000m\000\040\000S\000u\000p\000e\000r\000i\000o\000r}{subsection.2.3}% 16
\BOOKMARK [2][-]{subsection.2.4}{\376\377\000D\000e\000s\000v\000a\000n\000t\000a\000g\000e\000n\000s}{section.2}% 17
\BOOKMARK [3][-]{subsubsection.2.4.1}{\376\377\000B\000a\000i\000x\000a\000\040\000E\000f\000i\000c\000i\000\352\000n\000c\000i\000a\000\040\000E\000n\000e\000r\000g\000\351\000t\000i\000c\000a}{subsection.2.4}% 18
\BOOKMARK [3][-]{subsubsection.2.4.2}{\376\377\000G\000e\000r\000a\000\347\000\343\000o\000\040\000S\000i\000g\000n\000i\000f\000i\000c\000a\000t\000i\000v\000a\000\040\000d\000e\000\040\000C\000a\000l\000o\000r}{subsection.2.4}% 19
\BOOKMARK [3][-]{subsubsection.2.4.3}{\376\377\000A\000m\000p\000l\000i\000f\000i\000c\000a\000\347\000\343\000o\000\040\000d\000e\000\040\000A\000l\000t\000a\000\040\000P\000o\000t\000\352\000n\000c\000i\000a}{subsection.2.4}% 20
\BOOKMARK [3][-]{subsubsection.2.4.4}{\376\377\000C\000o\000m\000p\000l\000e\000x\000i\000d\000a\000d\000e\000\040\000d\000a\000\040\000P\000o\000l\000a\000r\000i\000z\000a\000\347\000\343\000o}{subsection.2.4}% 21
\BOOKMARK [3][-]{subsubsection.2.4.5}{\376\377\000L\000i\000m\000i\000t\000a\000\347\000\343\000o\000\040\000d\000e\000\040\000P\000o\000t\000\352\000n\000c\000i\000a}{subsection.2.4}% 22
\BOOKMARK [1][-]{section.3}{\376\377\000C\000l\000a\000s\000s\000e\000\040\000B}{}% 23
\BOOKMARK [2][-]{subsection.3.1}{\376\377\000C\000a\000r\000a\000c\000t\000e\000r\000\355\000s\000t\000i\000c\000a\000s\000\040\000P\000r\000i\000n\000c\000i\000p\000a\000i\000s}{section.3}% 24
\BOOKMARK [3][-]{subsubsection.3.1.1}{\376\377\000T\000r\000a\000n\000s\000i\000s\000t\000o\000r\000\040\000C\000o\000n\000d\000u\000z\000\040\000A\000p\000e\000n\000a\000s\000\040\000M\000e\000t\000a\000d\000e\000\040\000d\000o\000\040\000C\000i\000c\000l\000o\000\040\000d\000o\000\040\000S\000i\000n\000a\000l}{subsection.3.1}% 25
\BOOKMARK [3][-]{subsubsection.3.1.2}{\376\377\000E\000l\000e\000v\000a\000d\000a\000\040\000E\000f\000i\000c\000i\000\352\000n\000c\000i\000a\000\040\000E\000n\000e\000r\000g\000\351\000t\000i\000c\000a}{subsection.3.1}% 26
\BOOKMARK [3][-]{subsubsection.3.1.3}{\376\377\000A\000l\000t\000o\000\040\000P\000o\000t\000e\000n\000c\000i\000a\000l\000\040\000p\000a\000r\000a\000\040\000D\000i\000s\000t\000o\000r\000\347\000\343\000o\000\040\000n\000a\000\040\000R\000e\000g\000i\000\343\000o\000\040\000d\000e\000\040\000C\000o\000r\000t\000e}{subsection.3.1}% 27
\BOOKMARK [3][-]{subsubsection.3.1.4}{\376\377\000A\000p\000l\000i\000c\000a\000\347\000\365\000e\000s\000\040\000d\000e\000\040\000A\000l\000t\000a\000\040\000P\000o\000t\000\352\000n\000c\000i\000a}{subsection.3.1}% 28
\BOOKMARK [2][-]{subsection.3.2}{\376\377\000U\000s\000o\000\040\000C\000o\000m\000u\000m}{section.3}% 29
\BOOKMARK [3][-]{subsubsection.3.2.1}{\376\377\000A\000m\000p\000l\000i\000f\000i\000c\000a\000d\000o\000r\000e\000s\000\040\000d\000e\000\040\000P\000o\000t\000\352\000n\000c\000i\000a}{subsection.3.2}% 30
\BOOKMARK [3][-]{subsubsection.3.2.2}{\376\377\000A\000m\000p\000l\000i\000f\000i\000c\000a\000\347\000\343\000o\000\040\000d\000e\000\040\000\301\000u\000d\000i\000o}{subsection.3.2}% 31
\BOOKMARK [3][-]{subsubsection.3.2.3}{\376\377\000T\000r\000a\000n\000s\000m\000i\000s\000s\000o\000r\000e\000s\000\040\000d\000e\000\040\000R\000F\000\040\000d\000e\000\040\000A\000l\000t\000a\000\040\000P\000o\000t\000\352\000n\000c\000i\000a}{subsection.3.2}% 32
\BOOKMARK [3][-]{subsubsection.3.2.4}{\376\377\000C\000o\000n\000v\000e\000r\000s\000o\000r\000e\000s\000\040\000d\000e\000\040\000E\000n\000e\000r\000g\000i\000a\000\040\000e\000\040\000I\000n\000v\000e\000r\000s\000o\000r\000e\000s}{subsection.3.2}% 33
\BOOKMARK [3][-]{subsubsection.3.2.5}{\376\377\000A\000m\000p\000l\000i\000f\000i\000c\000a\000d\000o\000r\000e\000s\000\040\000d\000e\000\040\000R\000F\000\040\000d\000e\000\040\000C\000l\000a\000s\000s\000e\000\040\000C}{subsection.3.2}% 34
\BOOKMARK [2][-]{subsection.3.3}{\376\377\000V\000a\000n\000t\000a\000g\000e\000n\000s}{section.3}% 35
\BOOKMARK [3][-]{subsubsection.3.3.1}{\376\377\000E\000f\000i\000c\000i\000\352\000n\000c\000i\000a\000\040\000E\000n\000e\000r\000g\000\351\000t\000i\000c\000a\000\040\000M\000\341\000x\000i\000m\000a}{subsection.3.3}% 36
\BOOKMARK [3][-]{subsubsection.3.3.2}{\376\377\000A\000p\000l\000i\000c\000a\000\347\000\365\000e\000s\000\040\000d\000e\000\040\000A\000l\000t\000a\000\040\000P\000o\000t\000\352\000n\000c\000i\000a}{subsection.3.3}% 37
\BOOKMARK [3][-]{subsubsection.3.3.3}{\376\377\000D\000i\000s\000s\000i\000p\000a\000\347\000\343\000o\000\040\000d\000e\000\040\000C\000a\000l\000o\000r}{subsection.3.3}% 38
\BOOKMARK [3][-]{subsubsection.3.3.4}{\376\377\000C\000o\000n\000s\000e\000r\000v\000a\000\347\000\343\000o\000\040\000d\000e\000\040\000E\000n\000e\000r\000g\000i\000a}{subsection.3.3}% 39
\BOOKMARK [3][-]{subsubsection.3.3.5}{\376\377\000A\000p\000l\000i\000c\000a\000\347\000\343\000o\000\040\000e\000m\000\040\000C\000o\000n\000v\000e\000r\000s\000o\000r\000e\000s\000\040\000d\000e\000\040\000E\000n\000e\000r\000g\000i\000a}{subsection.3.3}% 40
\BOOKMARK [2][-]{subsection.3.4}{\376\377\000D\000e\000s\000v\000a\000n\000t\000a\000g\000e\000n\000s}{section.3}% 41
\BOOKMARK [3][-]{subsubsection.3.4.1}{\376\377\000D\000i\000s\000t\000o\000r\000\347\000\343\000o\000\040\000n\000a\000\040\000T\000r\000a\000n\000s\000i\000\347\000\343\000o\000\040\000e\000n\000t\000r\000e\000\040\000o\000s\000\040\000T\000r\000a\000n\000s\000i\000s\000t\000o\000r\000e\000s}{subsection.3.4}% 42
\BOOKMARK [3][-]{subsubsection.3.4.2}{\376\377\000A\000p\000l\000i\000c\000a\000\347\000\365\000e\000s\000\040\000d\000e\000\040\000A\000l\000t\000a\000\040\000F\000i\000d\000e\000l\000i\000d\000a\000d\000e}{subsection.3.4}% 43
\BOOKMARK [3][-]{subsubsection.3.4.3}{\376\377\000N\000e\000c\000e\000s\000s\000i\000d\000a\000d\000e\000\040\000d\000e\000\040\000C\000o\000m\000p\000l\000e\000m\000e\000n\000t\000a\000r\000i\000d\000a\000d\000e}{subsection.3.4}% 44
\BOOKMARK [3][-]{subsubsection.3.4.4}{\376\377\000S\000i\000n\000a\000i\000s\000\040\000d\000e\000\040\000B\000a\000i\000x\000a\000\040\000A\000m\000p\000l\000i\000t\000u\000d\000e}{subsection.3.4}% 45
\BOOKMARK [3][-]{subsubsection.3.4.5}{\376\377\000N\000e\000c\000e\000s\000s\000i\000d\000a\000d\000e\000\040\000d\000e\000\040\000A\000j\000u\000s\000t\000e\000s\000\040\000e\000\040\000R\000e\000a\000l\000i\000m\000e\000n\000t\000a\000\347\000\343\000o\000\040\000\050\000F\000e\000e\000d\000b\000a\000c\000k\000\051}{subsection.3.4}% 46
\BOOKMARK [1][-]{section.4}{\376\377\000C\000l\000a\000s\000s\000e\000\040\000A\000B}{}% 47
\BOOKMARK [2][-]{subsection.4.1}{\376\377\000C\000a\000r\000a\000c\000t\000e\000r\000\355\000s\000t\000i\000c\000a\000s\000\040\000P\000r\000i\000n\000c\000i\000p\000a\000i\000s}{section.4}% 48
\BOOKMARK [3][-]{subsubsection.4.1.1}{\376\377\000C\000o\000m\000b\000i\000n\000a\000\347\000\343\000o\000\040\000d\000e\000\040\000E\000l\000e\000m\000e\000n\000t\000o\000s\000\040\000d\000a\000s\000\040\000C\000l\000a\000s\000s\000e\000s\000\040\000A\000\040\000e\000\040\000B}{subsection.4.1}% 49
\BOOKMARK [3][-]{subsubsection.4.1.2}{\376\377\000M\000e\000l\000h\000o\000r\000\040\000E\000f\000i\000c\000i\000\352\000n\000c\000i\000a\000\040\000E\000n\000e\000r\000g\000\351\000t\000i\000c\000a\000\040\000d\000o\000\040\000q\000u\000e\000\040\000a\000\040\000C\000l\000a\000s\000s\000e\000\040\000A}{subsection.4.1}% 50
\BOOKMARK [3][-]{subsubsection.4.1.3}{\376\377\000R\000e\000d\000u\000\347\000\343\000o\000\040\000d\000a\000\040\000D\000i\000s\000t\000o\000r\000\347\000\343\000o\000\040\000d\000e\000\040\000C\000r\000o\000s\000s\000o\000v\000e\000r}{subsection.4.1}% 51
\BOOKMARK [3][-]{subsubsection.4.1.4}{\376\377\000A\000m\000p\000l\000a\000\040\000A\000p\000l\000i\000c\000a\000b\000i\000l\000i\000d\000a\000d\000e}{subsection.4.1}% 52
\BOOKMARK [3][-]{subsubsection.4.1.5}{\376\377\000C\000i\000r\000c\000u\000i\000t\000o\000s\000\040\000d\000e\000\040\000P\000o\000l\000a\000r\000i\000z\000a\000\347\000\343\000o\000\040\000e\000\040\000R\000e\000a\000l\000i\000m\000e\000n\000t\000a\000\347\000\343\000o}{subsection.4.1}% 53
\BOOKMARK [2][-]{subsection.4.2}{\376\377\000U\000s\000o\000\040\000C\000o\000m\000u\000m}{section.4}% 54
\BOOKMARK [3][-]{subsubsection.4.2.1}{\376\377\000A\000m\000p\000l\000i\000f\000i\000c\000a\000\347\000\343\000o\000\040\000d\000e\000\040\000\301\000u\000d\000i\000o\000\040\000d\000e\000\040\000A\000l\000t\000a\000\040\000Q\000u\000a\000l\000i\000d\000a\000d\000e}{subsection.4.2}% 55
\BOOKMARK [3][-]{subsubsection.4.2.2}{\376\377\000A\000m\000p\000l\000i\000f\000i\000c\000a\000d\000o\000r\000e\000s\000\040\000d\000e\000\040\000R\000F\000\040\000d\000e\000\040\000M\000\351\000d\000i\000a\000\040\000P\000o\000t\000\352\000n\000c\000i\000a}{subsection.4.2}% 56
\BOOKMARK [3][-]{subsubsection.4.2.3}{\376\377\000A\000m\000p\000l\000i\000f\000i\000c\000a\000d\000o\000r\000e\000s\000\040\000d\000e\000\040\000G\000u\000i\000t\000a\000r\000r\000a}{subsection.4.2}% 57
\BOOKMARK [3][-]{subsubsection.4.2.4}{\376\377\000E\000q\000u\000i\000p\000a\000m\000e\000n\000t\000o\000s\000\040\000d\000e\000\040\000\301\000u\000d\000i\000o\000\040\000P\000r\000o\000f\000i\000s\000s\000i\000o\000n\000a\000l}{subsection.4.2}% 58
\BOOKMARK [3][-]{subsubsection.4.2.5}{\376\377\000S\000i\000s\000t\000e\000m\000a\000s\000\040\000d\000e\000\040\000S\000o\000m\000\040\000d\000e\000\040\000A\000l\000t\000a\000\040\000F\000i\000d\000e\000l\000i\000d\000a\000d\000e}{subsection.4.2}% 59
\BOOKMARK [3][-]{subsubsection.4.2.6}{\376\377\000A\000m\000p\000l\000i\000f\000i\000c\000a\000d\000o\000r\000e\000s\000\040\000d\000e\000\040\000P\000o\000t\000\352\000n\000c\000i\000a}{subsection.4.2}% 60
\BOOKMARK [2][-]{subsection.4.3}{\376\377\000V\000a\000n\000t\000a\000g\000e\000n\000s}{section.4}% 61
\BOOKMARK [3][-]{subsubsection.4.3.1}{\376\377\000B\000o\000a\000\040\000L\000i\000n\000e\000a\000r\000i\000d\000a\000d\000e}{subsection.4.3}% 62
\BOOKMARK [3][-]{subsubsection.4.3.2}{\376\377\000E\000f\000i\000c\000i\000\352\000n\000c\000i\000a\000\040\000E\000n\000e\000r\000g\000\351\000t\000i\000c\000a\000\040\000A\000p\000r\000i\000m\000o\000r\000a\000d\000a}{subsection.4.3}% 63
\BOOKMARK [3][-]{subsubsection.4.3.3}{\376\377\000M\000e\000n\000o\000r\000\040\000G\000e\000r\000a\000\347\000\343\000o\000\040\000d\000e\000\040\000C\000a\000l\000o\000r}{subsection.4.3}% 64
\BOOKMARK [3][-]{subsubsection.4.3.4}{\376\377\000A\000p\000l\000i\000c\000a\000\347\000\365\000e\000s\000\040\000e\000m\000\040\000A\000m\000p\000l\000i\000f\000i\000c\000a\000d\000o\000r\000e\000s\000\040\000d\000e\000\040\000\301\000u\000d\000i\000o}{subsection.4.3}% 65
\BOOKMARK [3][-]{subsubsection.4.3.5}{\376\377\000A\000m\000p\000l\000i\000f\000i\000c\000a\000d\000o\000r\000e\000s\000\040\000d\000e\000\040\000S\000i\000n\000a\000i\000s\000\040\000d\000e\000\040\000M\000\351\000d\000i\000a\000\040\000P\000o\000t\000\352\000n\000c\000i\000a}{subsection.4.3}% 66
\BOOKMARK [2][-]{subsection.4.4}{\376\377\000D\000e\000s\000v\000a\000n\000t\000a\000g\000e\000n\000s}{section.4}% 67
\BOOKMARK [3][-]{subsubsection.4.4.1}{\376\377\000D\000i\000s\000t\000o\000r\000\347\000\343\000o\000\040\000e\000m\000\040\000A\000l\000t\000a\000s\000\040\000P\000o\000t\000\352\000n\000c\000i\000a\000s}{subsection.4.4}% 68
\BOOKMARK [3][-]{subsubsection.4.4.2}{\376\377\000P\000o\000l\000a\000r\000i\000z\000a\000\347\000\343\000o\000,\000\040\000C\000o\000r\000t\000e\000\040\000e\000\040\000S\000a\000t\000u\000r\000a\000\347\000\343\000o}{subsection.4.4}% 69
\BOOKMARK [3][-]{subsubsection.4.4.3}{\376\377\000C\000o\000m\000p\000l\000e\000x\000i\000d\000a\000d\000e}{subsection.4.4}% 70
\BOOKMARK [3][-]{subsubsection.4.4.4}{\376\377\000I\000n\000e\000f\000i\000c\000i\000\352\000n\000c\000i\000a\000\040\000e\000m\000\040\000S\000i\000n\000a\000i\000s\000\040\000d\000e\000\040\000B\000a\000i\000x\000a\000\040\000A\000m\000p\000l\000i\000t\000u\000d\000e}{subsection.4.4}% 71
\BOOKMARK [1][-]{section.5}{\376\377\000C\000o\000n\000c\000l\000u\000s\000\365\000e\000s}{}% 72
