\BOOKMARK [1][-]{section.1}{\376\377\000I\000n\000t\000r\000o\000d\000u\000\347\000\343\000o}{}% 1
\BOOKMARK [1][-]{section.2}{\376\377\000F\000i\000l\000t\000r\000o\000\040\000P\000a\000s\000s\000a\000\040\000B\000a\000n\000d\000a}{}% 2
\BOOKMARK [2][-]{subsection.2.1}{\376\377\000T\000a\000b\000e\000l\000a\000\040\000d\000e\000\040\000d\000a\000d\000o\000s}{section.2}% 3
\BOOKMARK [2][-]{subsection.2.2}{\376\377\000G\000r\000a\000f\000i\000c\000o\000\040\000M\000o\000n\000o\000L\000o\000g\000\040\000d\000e\000\040\000V\000e\000/\000V\0000\000\040\000s\000o\000b\000r\000e\000\040\000f}{section.2}% 4
\BOOKMARK [2][-]{subsection.2.3}{\376\377\000D\000i\000f\000e\000r\000e\000n\000\347\000a\000\040\000d\000e\000\040\000f\000a\000s\000e}{section.2}% 5
\BOOKMARK [2][-]{subsection.2.4}{\376\377\000F\000i\000g\000u\000r\000a\000s\000\040\000d\000e\000\040\000L\000i\000s\000s\000a\000j\000o\000u\000s}{section.2}% 6
\BOOKMARK [3][-]{subsubsection.2.4.1}{\376\377\000B\000a\000i\000x\000a\000\040\000F\000r\000e\000q\000u\000\352\000n\000c\000i\000a}{subsection.2.4}% 7
\BOOKMARK [3][-]{subsubsection.2.4.2}{\376\377\000F\000r\000e\000q\000u\000\352\000n\000c\000i\000a\000\040\000d\000e\000\040\000R\000e\000s\000s\000o\000n\000\342\000n\000c\000i\000a}{subsection.2.4}% 8
\BOOKMARK [3][-]{subsubsection.2.4.3}{\376\377\000A\000l\000t\000a\000\040\000f\000r\000e\000q\000u\000\352\000n\000c\000i\000a}{subsection.2.4}% 9
\BOOKMARK [1][-]{section.3}{\376\377\000R\000e\000t\000i\000f\000i\000c\000a\000d\000o\000r\000\040\000d\000e\000\040\000m\000e\000i\000a\000\040\000o\000n\000d\000a}{}% 10
\BOOKMARK [2][-]{subsection.3.1}{\376\377\000G\000r\000\341\000f\000i\000c\000o\000s}{section.3}% 11
\BOOKMARK [2][-]{subsection.3.2}{\376\377\000P\000a\000p\000e\000l\000\040\000d\000o\000\040\000r\000e\000s\000i\000s\000t\000o\000r}{section.3}% 12
\BOOKMARK [2][-]{subsection.3.3}{\376\377\000P\000r\000o\000c\000e\000s\000s\000o\000\040\000d\000e\000\040\000r\000e\000t\000i\000f\000i\000c\000a\000\347\000\343\000o}{section.3}% 13
\BOOKMARK [1][-]{section.4}{\376\377\000R\000e\000t\000i\000f\000i\000c\000a\000d\000o\000r\000\040\000d\000e\000\040\000o\000n\000d\000a\000\040\000c\000o\000m\000p\000l\000e\000t\000a}{}% 14
\BOOKMARK [2][-]{subsection.4.1}{\376\377\000E\000f\000e\000i\000t\000o\000s\000\040\000d\000o\000\040\000s\000o\000b\000r\000e\000\040\000a\000\040\000t\000e\000n\000s\000\343\000o\000\040\000a\000n\000t\000e\000s\000\040\000d\000e\000\040\000a\000d\000i\000c\000i\000o\000n\000a\000r\000\040\000c\000a\000p\000a\000c\000i\000t\000o\000r}{section.4}% 15
\BOOKMARK [3][-]{subsubsection.4.1.1}{\376\377\000S\000i\000s\000t\000e\000m\000a\000\040\000s\000e\000m\000\040\000c\000a\000p\000a\000c\000i\000t\000o\000r}{subsection.4.1}% 16
\BOOKMARK [2][-]{subsection.4.2}{\376\377\000E\000f\000e\000i\000t\000o\000s\000\040\000s\000o\000b\000r\000e\000\040\000a\000\040\000t\000e\000n\000s\000\343\000o\000\040\000a\000p\000\363\000s\000\040\000a\000d\000i\000c\000i\000o\000n\000a\000r\000\040\000o\000\040\000c\000a\000p\000a\000c\000i\000t\000o\000r}{section.4}% 17
\BOOKMARK [3][-]{subsubsection.4.2.1}{\376\377\000C\000a\000p\000a\000c\000i\000t\000o\000r\000\040\000d\000e\000\040\0001\000\040\000F}{subsection.4.2}% 18
\BOOKMARK [3][-]{subsubsection.4.2.2}{\376\377\000C\000a\000p\000a\000c\000i\000t\000o\000r\000\040\000d\000e\000\040\0001\0000\000\040\000F}{subsection.4.2}% 19
\BOOKMARK [3][-]{subsubsection.4.2.3}{\376\377\000C\000a\000p\000a\000c\000i\000t\000o\000r\000\040\000d\000e\000\040\0001\0000\0000\000\040\000F}{subsection.4.2}% 20
\BOOKMARK [2][-]{subsection.4.3}{\376\377\000P\000r\000o\000c\000e\000s\000s\000o\000\040\000c\000o\000m\000\040\000o\000\040\000c\000a\000p\000a\000c\000i\000t\000o\000r}{section.4}% 21
