\BOOKMARK [1][-]{section.1}{\376\377\000I\000n\000t\000r\000o\000d\000u\000\347\000\343\000o}{}% 1
\BOOKMARK [1][-]{section.2}{\376\377\000A\000n\000\341\000l\000i\000s\000e\000\040\000p\000r\000e\000l\000i\000m\000i\000n\000a\000r}{}% 2
\BOOKMARK [2][-]{subsection.2.1}{\376\377\000O\000\040\000C\000i\000r\000c\000u\000i\000t\000o}{section.2}% 3
\BOOKMARK [2][-]{subsection.2.2}{\376\377\000W\000x\000M\000a\000x\000i\000m\000a}{section.2}% 4
\BOOKMARK [2][-]{subsection.2.3}{\376\377\000L\000T\000S\000p\000i\000c\000e}{section.2}% 5
\BOOKMARK [3][-]{subsubsection.2.3.1}{\376\377\000A\000n\000a\000l\000i\000s\000e\000\040\000e\000m\000\040\0004\0000\000H\000z}{subsection.2.3}% 6
\BOOKMARK [3][-]{subsubsection.2.3.2}{\376\377\000A\000n\000a\000l\000i\000s\000e\000\040\000e\000m\000\040\0001\0000\0000\000H\000z}{subsection.2.3}% 7
\BOOKMARK [3][-]{subsubsection.2.3.3}{\376\377\000A\000n\000a\000l\000i\000s\000e\000\040\000e\000m\000\040\0002\0000\0000\000H\000z}{subsection.2.3}% 8
\BOOKMARK [3][-]{subsubsection.2.3.4}{\376\377\000A\000n\000a\000l\000i\000s\000e\000\040\000e\000m\000\040\0004\0000\0000\000H\000z}{subsection.2.3}% 9
\BOOKMARK [3][-]{subsubsection.2.3.5}{\376\377\000A\000n\000a\000l\000i\000s\000e\000\040\000e\000m\000\040\0004\0008\0000\000H\000z}{subsection.2.3}% 10
\BOOKMARK [3][-]{subsubsection.2.3.6}{\376\377\000A\000n\000a\000l\000i\000s\000e\000\040\000e\000m\000\040\0005\0005\0000\000H\000z}{subsection.2.3}% 11
\BOOKMARK [3][-]{subsubsection.2.3.7}{\376\377\000A\000n\000a\000l\000i\000s\000e\000\040\000e\000m\000\040\0001\0001\0000\0000\000H\000z}{subsection.2.3}% 12
\BOOKMARK [3][-]{subsubsection.2.3.8}{\376\377\000A\000n\000a\000l\000i\000s\000e\000\040\000e\000m\000\040\0002\0002\0000\0000\000H\000z}{subsection.2.3}% 13
\BOOKMARK [3][-]{subsubsection.2.3.9}{\376\377\000A\000n\000a\000l\000i\000s\000e\000\040\000e\000m\000\040\0005\0005\0000\0000\000H\000z}{subsection.2.3}% 14
\BOOKMARK [3][-]{subsubsection.2.3.10}{\376\377\000A\000n\000a\000l\000i\000s\000e\000\040\000e\000m\000\040\0001\0001\0000\0000\0000\000H\000z}{subsection.2.3}% 15
\BOOKMARK [3][-]{subsubsection.2.3.11}{\376\377\000T\000a\000b\000e\000l\000a\000\040\000d\000e\000\040\000r\000e\000s\000u\000l\000t\000a\000d\000o\000s}{subsection.2.3}% 16
\BOOKMARK [1][-]{section.3}{\376\377\000M\000e\000d\000i\000c\000o\000e\000s\000\040\000e\000m\000\040\000l\000a\000b\000o\000r\000a\000t\000o\000r\000i\000o}{}% 17
\BOOKMARK [2][-]{subsection.3.1}{\376\377\000T\000a\000b\000e\000l\000a\000\040\000d\000e\000\040\000c\000o\000m\000p\000o\000n\000e\000n\000t\000e\000s}{section.3}% 18
\BOOKMARK [2][-]{subsection.3.2}{\376\377\000M\000e\000d\000i\000c\000o\000e\000s\000\040\000n\000o\000\040\000o\000s\000c\000i\000l\000o\000s\000c\000o\000p\000i\000o}{section.3}% 19
\BOOKMARK [3][-]{subsubsection.3.2.1}{\376\377\000A\000n\000a\000l\000i\000s\000e\000\040\000e\000m\000\040\0001\0000\0000\000H\000z}{subsection.3.2}% 20
\BOOKMARK [3][-]{subsubsection.3.2.2}{\376\377\000A\000n\000a\000l\000i\000s\000e\000\040\000e\000m\000\040\0002\0000\0000\000H\000z}{subsection.3.2}% 21
\BOOKMARK [3][-]{subsubsection.3.2.3}{\376\377\000A\000n\000a\000l\000i\000s\000e\000\040\000e\000m\000\040\0004\0000\0000\000H\000z}{subsection.3.2}% 22
\BOOKMARK [3][-]{subsubsection.3.2.4}{\376\377\000A\000n\000a\000l\000i\000s\000e\000\040\000e\000m\000\040\0004\0008\0000\000H\000z}{subsection.3.2}% 23
\BOOKMARK [3][-]{subsubsection.3.2.5}{\376\377\000A\000n\000a\000l\000i\000s\000e\000\040\000e\000m\000\040\0005\0005\0000\000H\000z}{subsection.3.2}% 24
\BOOKMARK [3][-]{subsubsection.3.2.6}{\376\377\000A\000n\000a\000l\000i\000s\000e\000\040\000e\000m\000\040\0001\0001\0000\0000\000H\000z}{subsection.3.2}% 25
\BOOKMARK [3][-]{subsubsection.3.2.7}{\376\377\000A\000n\000a\000l\000i\000s\000e\000\040\000e\000m\000\040\0002\0002\0000\0000\000H\000z}{subsection.3.2}% 26
\BOOKMARK [3][-]{subsubsection.3.2.8}{\376\377\000A\000n\000a\000l\000i\000s\000e\000\040\000e\000m\000\040\0005\0005\0000\0000\000H\000z}{subsection.3.2}% 27
\BOOKMARK [3][-]{subsubsection.3.2.9}{\376\377\000A\000n\000a\000l\000i\000s\000e\000\040\000e\000m\000\040\0001\0001\0000\0000\0000\000H\000z}{subsection.3.2}% 28
\BOOKMARK [3][-]{subsubsection.3.2.10}{\376\377\000T\000a\000b\000e\000l\000a\000\040\000d\000e\000\040\000r\000e\000s\000u\000l\000t\000a\000d\000o\000s}{subsection.3.2}% 29
\BOOKMARK [2][-]{subsection.3.3}{\376\377\000C\000o\000m\000p\000a\000r\000a\000c\000a\000o\000\040\000c\000o\000m\000\040\000v\000a\000l\000o\000r\000e\000s\000\040\000t\000e\000o\000r\000i\000c\000o\000s}{section.3}% 30
\BOOKMARK [2][-]{subsection.3.4}{\376\377\000G\000r\000a\000f\000i\000c\000o\000s}{section.3}% 31
\BOOKMARK [3][-]{subsubsection.3.4.1}{\376\377\000E\000s\000c\000a\000l\000a\000\040\000l\000o\000g\000-\000l\000o\000g\000\040\000d\000a\000\040\000m\000a\000g\000n\000i\000t\000u\000d\000e\000\040\000d\000e\000\040\000H\000\050\000j\000w\000\051\000\040\000e\000\040\000f}{subsection.3.4}% 32
\BOOKMARK [3][-]{subsubsection.3.4.2}{\376\377\000E\000s\000c\000a\000l\000a\000\040\000s\000e\000m\000i\000l\000o\000g\000\040\000d\000a\000\040\000f\000a\000s\000e\000\040\000d\000e\000\040\000H\000\050\000j\000w\000\051\000\040\000e\000\040\000f}{subsection.3.4}% 33
\BOOKMARK [1][-]{section.4}{\376\377\000C\000o\000n\000c\000l\000u\000s\000\365\000e\000s}{}% 34
