\BOOKMARK [1][-]{section.1}{\376\377\000I\000n\000t\000r\000o\000d\000u\000\347\000\343\000o}{}% 1
\BOOKMARK [1][-]{section.2}{\376\377\000A\000m\000p\000l\000i\000f\000i\000c\000a\000d\000o\000r\000e\000s\000\040\000O\000p\000e\000r\000a\000c\000i\000o\000n\000a\000i\000s}{}% 2
\BOOKMARK [2][-]{subsection.2.1}{\376\377\000G\000a\000n\000h\000o\000\040\000d\000e\000\040\000T\000e\000n\000s\000\343\000o\000\040\000d\000e\000\040\000M\000a\000l\000h\000a\000\040\000A\000b\000e\000r\000t\000a}{section.2}% 3
\BOOKMARK [2][-]{subsection.2.2}{\376\377\000I\000m\000p\000e\000d\000\342\000n\000c\000i\000a\000\040\000d\000e\000\040\000E\000n\000t\000r\000a\000d\000a}{section.2}% 4
\BOOKMARK [2][-]{subsection.2.3}{\376\377\000I\000m\000p\000e\000d\000\342\000n\000c\000i\000a\000\040\000d\000e\000\040\000S\000a\000\355\000d\000a}{section.2}% 5
\BOOKMARK [2][-]{subsection.2.4}{\376\377\000C\000M\000R\000R\000\040\000\050\000R\000e\000j\000e\000i\000\347\000\343\000o\000\040\000d\000e\000\040\000M\000o\000d\000o\000\040\000C\000o\000m\000u\000m\000\051}{section.2}% 6
\BOOKMARK [2][-]{subsection.2.5}{\376\377\000R\000e\000s\000p\000o\000s\000t\000a\000\040\000e\000m\000\040\000F\000r\000e\000q\000u\000\352\000n\000c\000i\000a}{section.2}% 7
\BOOKMARK [2][-]{subsection.2.6}{\376\377\000L\000a\000r\000g\000u\000r\000a\000\040\000d\000e\000\040\000B\000a\000n\000d\000a}{section.2}% 8
\BOOKMARK [2][-]{subsection.2.7}{\376\377\000T\000a\000x\000a\000\040\000d\000e\000\040\000S\000u\000b\000i\000d\000a}{section.2}% 9
\BOOKMARK [2][-]{subsection.2.8}{\376\377\000C\000o\000r\000r\000e\000n\000t\000e\000\040\000d\000e\000\040\000B\000i\000a\000s}{section.2}% 10
\BOOKMARK [1][-]{section.3}{\376\377\000A\000m\000p\000l\000i\000f\000i\000c\000a\000d\000o\000r\000\040\000O\000p\000e\000r\000a\000c\000i\000o\000n\000a\000l\000\040\000I\000d\000e\000a\000l}{}% 11
\BOOKMARK [2][-]{subsection.3.1}{\376\377\000G\000a\000n\000h\000o\000\040\000d\000e\000\040\000T\000e\000n\000s\000\343\000o\000\040\000I\000n\000f\000i\000n\000i\000t\000o}{section.3}% 12
\BOOKMARK [2][-]{subsection.3.2}{\376\377\000I\000m\000p\000e\000d\000\342\000n\000c\000i\000a\000\040\000d\000e\000\040\000E\000n\000t\000r\000a\000d\000a\000\040\000I\000n\000f\000i\000n\000i\000t\000a}{section.3}% 13
\BOOKMARK [2][-]{subsection.3.3}{\376\377\000I\000m\000p\000e\000d\000\342\000n\000c\000i\000a\000\040\000d\000e\000\040\000S\000a\000\355\000d\000a\000\040\000N\000u\000l\000a}{section.3}% 14
\BOOKMARK [2][-]{subsection.3.4}{\376\377\000R\000e\000s\000p\000o\000s\000t\000a\000\040\000e\000m\000\040\000F\000r\000e\000q\000u\000\352\000n\000c\000i\000a\000\040\000I\000n\000f\000i\000n\000i\000t\000a}{section.3}% 15
\BOOKMARK [2][-]{subsection.3.5}{\376\377\000R\000e\000j\000e\000i\000\347\000\343\000o\000\040\000d\000e\000\040\000M\000o\000d\000o\000\040\000C\000o\000m\000u\000m\000\040\000I\000n\000f\000i\000n\000i\000t\000a}{section.3}% 16
\BOOKMARK [2][-]{subsection.3.6}{\376\377\000T\000a\000x\000a\000\040\000d\000e\000\040\000S\000u\000b\000i\000d\000a\000\040\000I\000n\000f\000i\000n\000i\000t\000a}{section.3}% 17
\BOOKMARK [2][-]{subsection.3.7}{\376\377\000A\000l\000i\000m\000e\000n\000t\000a\000\347\000\343\000o\000\040\000S\000i\000m\000\351\000t\000r\000i\000c\000a}{section.3}% 18
\BOOKMARK [2][-]{subsection.3.8}{\376\377\000L\000i\000m\000i\000t\000a\000\347\000\365\000e\000s\000\040\000d\000o\000\040\000M\000o\000d\000e\000l\000o\000\040\000I\000d\000e\000a\000l}{section.3}% 19
\BOOKMARK [1][-]{section.4}{\376\377\000A\000m\000p\000l\000i\000f\000i\000c\000a\000d\000o\000r\000\040\000I\000n\000v\000e\000r\000s\000o\000r}{}% 20
\BOOKMARK [2][-]{subsection.4.1}{\376\377\000O\000\040\000C\000i\000r\000c\000u\000i\000t\000o}{section.4}% 21
\BOOKMARK [2][-]{subsection.4.2}{\376\377\000P\000r\000i\000n\000c\000\355\000p\000i\000o\000\040\000d\000e\000\040\000F\000u\000n\000c\000i\000o\000n\000a\000m\000e\000n\000t\000o}{section.4}% 22
\BOOKMARK [2][-]{subsection.4.3}{\376\377\000A\000p\000l\000i\000c\000a\000\347\000\365\000e\000s\000\040\000d\000o\000\040\000A\000m\000p\000l\000i\000f\000i\000c\000a\000d\000o\000r\000\040\000I\000n\000v\000e\000r\000s\000o\000r}{section.4}% 23
\BOOKMARK [1][-]{section.5}{\376\377\000A\000m\000p\000l\000i\000f\000i\000c\000a\000d\000o\000r\000\040\000N\000\343\000o\000\040\000I\000n\000v\000e\000r\000s\000o\000r}{}% 24
\BOOKMARK [2][-]{subsection.5.1}{\376\377\000O\000\040\000C\000i\000r\000c\000u\000i\000t\000o}{section.5}% 25
\BOOKMARK [2][-]{subsection.5.2}{\376\377\000P\000r\000i\000n\000c\000\355\000p\000i\000o\000\040\000d\000e\000\040\000F\000u\000n\000c\000i\000o\000n\000a\000m\000e\000n\000t\000o}{section.5}% 26
\BOOKMARK [2][-]{subsection.5.3}{\376\377\000A\000p\000l\000i\000c\000a\000\347\000\365\000e\000s\000\040\000d\000o\000\040\000A\000m\000p\000l\000i\000f\000i\000c\000a\000d\000o\000r\000\040\000N\000\343\000o\000\040\000I\000n\000v\000e\000r\000s\000o\000r}{section.5}% 27
\BOOKMARK [1][-]{section.6}{\376\377\000A\000m\000p\000l\000i\000f\000i\000c\000a\000d\000o\000r\000\040\000S\000o\000m\000a\000d\000o\000r}{}% 28
\BOOKMARK [2][-]{subsection.6.1}{\376\377\000O\000\040\000C\000i\000r\000c\000u\000i\000t\000o}{section.6}% 29
\BOOKMARK [2][-]{subsection.6.2}{\376\377\000P\000r\000i\000n\000c\000\355\000p\000i\000o\000\040\000d\000e\000\040\000F\000u\000n\000c\000i\000o\000n\000a\000m\000e\000n\000t\000o}{section.6}% 30
\BOOKMARK [2][-]{subsection.6.3}{\376\377\000A\000p\000l\000i\000c\000a\000\347\000\365\000e\000s\000\040\000d\000o\000\040\000A\000m\000p\000l\000i\000f\000i\000c\000a\000d\000o\000r\000\040\000S\000o\000m\000a\000d\000o\000r}{section.6}% 31
\BOOKMARK [1][-]{section.7}{\376\377\000A\000m\000p\000l\000i\000f\000i\000c\000a\000d\000o\000r\000\040\000D\000i\000f\000e\000r\000e\000n\000c\000i\000a\000l}{}% 32
\BOOKMARK [2][-]{subsection.7.1}{\376\377\000O\000\040\000C\000i\000r\000c\000u\000i\000t\000o}{section.7}% 33
\BOOKMARK [2][-]{subsection.7.2}{\376\377\000P\000r\000i\000n\000c\000\355\000p\000i\000o\000\040\000d\000e\000\040\000F\000u\000n\000c\000i\000o\000n\000a\000m\000e\000n\000t\000o}{section.7}% 34
\BOOKMARK [2][-]{subsection.7.3}{\376\377\000E\000q\000u\000a\000\347\000\365\000e\000s}{section.7}% 35
\BOOKMARK [1][-]{section.8}{\376\377\000A\000p\000l\000i\000c\000a\000\347\000\365\000e\000s\000\040\000d\000o\000\040\000A\000m\000p\000l\000i\000f\000i\000c\000a\000d\000o\000r\000\040\000O\000p\000e\000r\000a\000c\000i\000o\000n\000a\000l\000\040\000D\000i\000f\000e\000r\000e\000n\000c\000i\000a\000l}{}% 36
\BOOKMARK [1][-]{section.9}{\376\377\000A\000m\000p\000l\000i\000f\000i\000c\000a\000d\000o\000r\000e\000s\000\040\000O\000p\000e\000r\000a\000c\000i\000o\000n\000a\000i\000s\000\040\000e\000m\000\040\000C\000a\000s\000c\000a\000t\000a}{}% 37
\BOOKMARK [2][-]{subsection.9.1}{\376\377\000B\000e\000n\000e\000f\000\355\000c\000i\000o\000s\000\040\000d\000o\000s\000\040\000C\000i\000r\000c\000u\000i\000t\000o\000s\000\040\000e\000m\000\040\000C\000a\000s\000c\000a\000t\000a}{section.9}% 38
\BOOKMARK [2][-]{subsection.9.2}{\376\377\000E\000x\000e\000m\000p\000l\000o\000s\000\040\000d\000e\000\040\000C\000i\000r\000c\000u\000i\000t\000o\000s\000\040\000e\000m\000\040\000C\000a\000s\000c\000a\000t\000a}{section.9}% 39
\BOOKMARK [1][-]{section.10}{\376\377\000C\000o\000n\000c\000l\000u\000s\000\343\000o}{}% 40
