\BOOKMARK [1][-]{section.1}{\376\377\000I\000n\000t\000r\000o\000d\000u\000\347\000\343\000o}{}% 1
\BOOKMARK [1][-]{section.2}{\376\377\000A\000n\000\341\000l\000i\000s\000e\000\040\000p\000r\000e\000l\000i\000m\000i\000n\000a\000r}{}% 2
\BOOKMARK [2][-]{subsection.2.1}{\376\377\000O\000\040\000c\000i\000r\000c\000u\000i\000t\000o}{section.2}% 3
\BOOKMARK [2][-]{subsection.2.2}{\376\377\000M\000a\000x\000i\000m\000a}{section.2}% 4
\BOOKMARK [3][-]{subsubsection.2.2.1}{\376\377\000Q\000u\000a\000d\000r\000i\000p\000o\000l\000o\000\040\000A}{subsection.2.2}% 5
\BOOKMARK [3][-]{subsubsection.2.2.2}{\376\377\000Q\000u\000a\000d\000r\000i\000p\000o\000l\000o\000\040\000B}{subsection.2.2}% 6
\BOOKMARK [3][-]{subsubsection.2.2.3}{\376\377\000P\000a\000r\000\341\000m\000e\000t\000r\000o\000s\000\040\000"\000y\000"\000d\000o\000\040\000q\000u\000a\000d\000r\000i\000p\000o\000l\000o\000\040\000B}{subsection.2.2}% 7
\BOOKMARK [3][-]{subsubsection.2.2.4}{\376\377\000I\000m\000p\000e\000d\000\342\000n\000c\000i\000a\000\040\000d\000e\000\040\000e\000n\000t\000r\000a\000d\000a\000\040\000c\000o\000m\000\040\000c\000a\000r\000g\000a}{subsection.2.2}% 8
\BOOKMARK [3][-]{subsubsection.2.2.5}{\376\377\000P\000a\000r\000\342\000m\000e\000t\000r\000o\000s\000\040\000a\000\040\000d\000o\000\040\000q\000u\000a\000d\000r\000i\000p\000o\000l\000o\000\040\000e\000m\000\040\000c\000a\000s\000c\000a\000t\000a}{subsection.2.2}% 9
\BOOKMARK [3][-]{subsubsection.2.2.6}{\376\377\000E\000q\000u\000a\000\347\000\365\000e\000s\000\040\000p\000a\000r\000\342\000m\000e\000t\000r\000o\000\040\000a\000\040\000e\000m\000\040\000c\000a\000s\000c\000a\000t\000a}{subsection.2.2}% 10
\BOOKMARK [1][-]{section.3}{\376\377\000M\000e\000d\000i\000\347\000\365\000e\000s\000\040\000e\000m\000\040\000l\000a\000b\000o\000r\000a\000t\000\363\000r\000i\000o}{}% 11
\BOOKMARK [2][-]{subsection.3.1}{\376\377\000Q\000u\000a\000d\000r\000i\000p\000o\000l\000o\000\040\000A}{section.3}% 12
\BOOKMARK [3][-]{subsubsection.3.1.1}{\376\377\000T\000a\000b\000e\000l\000a\000\040\000d\000e\000\040\000m\000e\000d\000i\000d\000a\000s}{subsection.3.1}% 13
\BOOKMARK [3][-]{subsubsection.3.1.2}{\376\377\000R\000e\000s\000u\000l\000t\000a\000d\000o\000s\000\040\000d\000a\000s\000\040\000m\000e\000d\000i\000d\000a\000s}{subsection.3.1}% 14
\BOOKMARK [3][-]{subsubsection.3.1.3}{\376\377\000P\000a\000r\000\342\000m\000e\000t\000r\000o\000s\000\040\000z}{subsection.3.1}% 15
\BOOKMARK [3][-]{subsubsection.3.1.4}{\376\377\000I\000m\000p\000e\000d\000\342\000n\000c\000i\000a\000\040\000d\000e\000\040\000e\000n\000t\000r\000a\000d\000a\000\040\000c\000o\000m\000\040\000c\000a\000r\000g\000a}{subsection.3.1}% 16
\BOOKMARK [2][-]{subsection.3.2}{\376\377\000Q\000u\000a\000d\000r\000i\000p\000o\000l\000o\000\040\000B}{section.3}% 17
\BOOKMARK [3][-]{subsubsection.3.2.1}{\376\377\000T\000a\000b\000e\000l\000a\000\040\000d\000e\000\040\000m\000e\000d\000i\000d\000a\000s}{subsection.3.2}% 18
\BOOKMARK [3][-]{subsubsection.3.2.2}{\376\377\000R\000e\000s\000u\000l\000t\000a\000d\000o\000s\000\040\000d\000a\000s\000\040\000m\000e\000d\000i\000d\000a\000s}{subsection.3.2}% 19
\BOOKMARK [3][-]{subsubsection.3.2.3}{\376\377\000P\000a\000r\000\342\000m\000e\000t\000r\000o\000s\000\040\000y}{subsection.3.2}% 20
\BOOKMARK [3][-]{subsubsection.3.2.4}{\376\377\000I\000m\000p\000e\000d\000\342\000n\000c\000i\000a\000\040\000d\000e\000\040\000e\000n\000t\000r\000a\000d\000a\000\040\000c\000o\000m\000\040\000c\000a\000r\000g\000a}{subsection.3.2}% 21
\BOOKMARK [2][-]{subsection.3.3}{\376\377\000Q\000u\000a\000d\000r\000i\000p\000o\000l\000o\000\040\000e\000m\000\040\000c\000a\000s\000c\000a\000t\000a}{section.3}% 22
\BOOKMARK [3][-]{subsubsection.3.3.1}{\376\377\000T\000a\000b\000e\000l\000a\000\040\000d\000e\000\040\000m\000e\000d\000i\000d\000a\000s}{subsection.3.3}% 23
\BOOKMARK [3][-]{subsubsection.3.3.2}{\376\377\000R\000e\000s\000u\000l\000t\000a\000d\000o\000s\000\040\000d\000a\000s\000\040\000m\000e\000d\000i\000d\000a\000s}{subsection.3.3}% 24
\BOOKMARK [3][-]{subsubsection.3.3.3}{\376\377\000P\000a\000r\000\342\000m\000e\000t\000r\000o\000s\000\040\000a}{subsection.3.3}% 25
\BOOKMARK [3][-]{subsubsection.3.3.4}{\376\377\000I\000m\000p\000e\000d\000\342\000n\000c\000i\000a\000\040\000d\000e\000\040\000e\000n\000t\000r\000a\000d\000a\000\040\000c\000o\000m\000\040\000c\000a\000r\000g\000a}{subsection.3.3}% 26
\BOOKMARK [1][-]{section.4}{\376\377\000C\000o\000n\000c\000l\000u\000s\000\365\000e\000s}{}% 27
