\BOOKMARK [1][-]{section.1}{\376\377\000I\000n\000t\000r\000o\000d\000u\000\347\000\343\000o}{}% 1
\BOOKMARK [1][-]{section.2}{\376\377\000O\000\040\000C\000o\000d\000i\000f\000i\000c\000a\000d\000o\000r\000\040\000d\000e\000\040\000t\000e\000x\000t\000o}{}% 2
\BOOKMARK [2][-]{subsection.2.1}{\376\377\000T\000e\000x\000t\000o\000P\000a\000r\000a\000I\000n\000t\000e\000i\000r\000o}{section.2}% 3
\BOOKMARK [2][-]{subsection.2.2}{\376\377\000I\000n\000t\000e\000i\000r\000o\000P\000a\000r\000a\000T\000e\000x\000t\000o}{section.2}% 4
\BOOKMARK [2][-]{subsection.2.3}{\376\377\000R\000e\000s\000t\000r\000i\000\347\000\365\000e\000s\000\040\000e\000\040\000l\000i\000m\000i\000t\000a\000\347\000\365\000e\000s}{section.2}% 5
\BOOKMARK [1][-]{section.3}{\376\377\000A\000\040\000c\000l\000a\000s\000s\000e\000\040\000B\000i\000g\000N\000u\000m\000b\000e\000r}{}% 6
\BOOKMARK [2][-]{subsection.3.1}{\376\377\000M\000u\000l\000t\000i\000p\000l\000i\000c\000a\000c\000a\000o\000\040\000d\000e\000\040\000B\000i\000g\000N\000u\000m\000b\000e\000r}{section.3}% 7
\BOOKMARK [2][-]{subsection.3.2}{\376\377\000S\000o\000m\000a\000\040\000d\000e\000\040\000B\000i\000g\000N\000u\000m\000b\000e\000r}{section.3}% 8
\BOOKMARK [2][-]{subsection.3.3}{\376\377\000C\000o\000d\000i\000f\000i\000c\000a\000n\000d\000o\000\040\000n\000u\000m\000e\000r\000o\000s\000\040\000g\000r\000a\000n\000d\000e\000s}{section.3}% 9
\BOOKMARK [1][-]{section.4}{\376\377\000A\000r\000i\000t\000m\000e\000t\000i\000c\000a\000\040\000M\000o\000d\000u\000l\000a\000r}{}% 10
\BOOKMARK [2][-]{subsection.4.1}{\376\377\000A\000d\000d\000M\000o\000d}{section.4}% 11
\BOOKMARK [2][-]{subsection.4.2}{\376\377\000M\000u\000l\000M\000o\000d}{section.4}% 12
\BOOKMARK [2][-]{subsection.4.3}{\376\377\000E\000x\000p\000M\000o\000d}{section.4}% 13
\BOOKMARK [2][-]{subsection.4.4}{\376\377\000I\000n\000v\000M\000o\000d}{section.4}% 14
\BOOKMARK [1][-]{section.5}{\376\377\000B\000u\000s\000c\000a\000\040\000p\000o\000r\000\040\000n\000\372\000m\000e\000r\000o\000s\000\040\000p\000r\000i\000m\000o\000s}{}% 15
\BOOKMARK [2][-]{subsection.5.1}{\376\377\000T\000e\000s\000t\000a\000n\000d\000o\000\040\000o\000s\000\040\000n\000\372\000m\000e\000r\000o\000s\000\040\000d\000a\000d\000o\000s\000:}{section.5}% 16
\BOOKMARK [2][-]{subsection.5.2}{\376\377\000A\000c\000h\000a\000n\000d\000o\000\040\000n\000o\000v\000o\000s\000\040\000p\000r\000i\000m\000o\000s\000:}{section.5}% 17
\BOOKMARK [1][-]{section.6}{\376\377\000O\000\040\000S\000i\000s\000t\000e\000m\000a\000\040\000R\000S\000A}{}% 18
\BOOKMARK [2][-]{subsection.6.1}{\376\377\000G\000e\000r\000a\000\347\000\343\000o\000\040\000d\000o\000\040\000p\000a\000r\000\040\000d\000e\000\040\000c\000h\000a\000v\000e\000s\000\040\000R\000S\000A}{section.6}% 19
\BOOKMARK [2][-]{subsection.6.2}{\376\377\000C\000o\000d\000i\000f\000i\000c\000a\000n\000d\000o\000\040\000e\000\040\000d\000e\000c\000o\000d\000i\000f\000i\000c\000a\000n\000d\000o}{section.6}% 20
\BOOKMARK [3][-]{subsubsection.6.2.1}{\376\377\000C\000o\000d\000i\000f\000i\000c\000a\000c\000a\000o}{subsection.6.2}% 21
\BOOKMARK [3][-]{subsubsection.6.2.2}{\376\377\000D\000e\000c\000o\000d\000i\000f\000i\000c\000a\000n\000d\000o}{subsection.6.2}% 22
\BOOKMARK [2][-]{subsection.6.3}{\376\377\000T\000e\000s\000t\000a\000n\000d\000o\000\040\000p\000a\000r\000a\000\040\000u\000m\000\040\000t\000e\000x\000t\000o\000\040\000p\000r\000\351\000-\000d\000e\000t\000e\000r\000m\000i\000n\000a\000d\000o}{section.6}% 23
\BOOKMARK [2][-]{subsection.6.4}{\376\377\000T\000e\000s\000t\000a\000d\000o\000\040\000p\000a\000r\000a\000\040\000t\000e\000x\000t\000o\000\040\000a\000r\000b\000i\000t\000r\000a\000r\000i\000o\000\040\000Y}{section.6}% 24
\BOOKMARK [2][-]{subsection.6.5}{\376\377\000A\000s\000s\000i\000n\000a\000t\000u\000r\000a\000\040\000d\000i\000g\000i\000t\000a\000l}{section.6}% 25
\BOOKMARK [2][-]{subsection.6.6}{\376\377\000A\000u\000t\000e\000n\000t\000i\000c\000a\000\347\000\343\000o\000\040\000d\000e\000\040\000r\000e\000m\000e\000t\000e\000n\000t\000e\000\040\000e\000\040\000d\000e\000s\000t\000i\000n\000a\000t\000\341\000r\000i\000o}{section.6}% 26
\BOOKMARK [1][-]{section.7}{\376\377\000C\000o\000n\000c\000l\000u\000s\000\365\000e\000s}{}% 27
