\BOOKMARK [1][-]{section.1}{\376\377\000I\000n\000t\000r\000o\000d\000u\000\347\000\343\000o}{}% 1
\BOOKMARK [1][-]{section.2}{\376\377\000A\000n\000\341\000l\000i\000s\000e\000\040\000p\000r\000e\000l\000i\000m\000i\000n\000a\000r}{}% 2
\BOOKMARK [2][-]{subsection.2.1}{\376\377\000O\000\040\000c\000i\000r\000c\000u\000i\000t\000o}{section.2}% 3
\BOOKMARK [2][-]{subsection.2.2}{\376\377\000A\000n\000\341\000l\000i\000s\000e\000\040\000s\000i\000m\000b\000\363\000l\000i\000c\000a}{section.2}% 4
\BOOKMARK [3][-]{subsubsection.2.2.1}{\376\377\000E\000s\000t\000a\000d\000o\000\040\0001\000:\000\040\000P\000o\000l\000a\000r\000i\000z\000a\000\347\000\343\000o\000\040\000d\000i\000r\000e\000t\000a}{subsection.2.2}% 5
\BOOKMARK [3][-]{subsubsection.2.2.2}{\376\377\000E\000s\000t\000a\000d\000o\000\040\0002\000:\000\040\000P\000o\000l\000a\000r\000i\000z\000a\000\347\000\343\000o\000\040\000r\000e\000v\000e\000r\000s\000a}{subsection.2.2}% 6
\BOOKMARK [2][-]{subsection.2.3}{\376\377\000A\000n\000\341\000l\000i\000s\000e\000\040\000n\000u\000m\000\351\000r\000i\000c\000a}{section.2}% 7
\BOOKMARK [2][-]{subsection.2.4}{\376\377\000E\000x\000e\000m\000p\000l\000o\000\040\0001}{section.2}% 8
\BOOKMARK [3][-]{subsubsection.2.4.1}{\376\377\000R\000e\000g\000i\000m\000e\000\040\000p\000e\000r\000m\000a\000n\000e\000n\000t\000e}{subsection.2.4}% 9
\BOOKMARK [3][-]{subsubsection.2.4.2}{\376\377\000M\000\355\000n\000i\000m\000o\000s\000\040\000e\000\040\000m\000\341\000x\000i\000m\000o\000s\000.}{subsection.2.4}% 10
\BOOKMARK [3][-]{subsubsection.2.4.3}{\376\377\000G\000r\000\341\000f\000i\000c\000o}{subsection.2.4}% 11
\BOOKMARK [2][-]{subsection.2.5}{\376\377\000E\000x\000e\000m\000p\000l\000o\000\040\0002}{section.2}% 12
\BOOKMARK [3][-]{subsubsection.2.5.1}{\376\377\000R\000e\000g\000i\000m\000e\000\040\000p\000e\000r\000m\000a\000n\000e\000n\000t\000e}{subsection.2.5}% 13
\BOOKMARK [3][-]{subsubsection.2.5.2}{\376\377\000M\000\355\000n\000i\000m\000o\000s\000\040\000e\000\040\000m\000\341\000x\000i\000m\000o\000s}{subsection.2.5}% 14
\BOOKMARK [3][-]{subsubsection.2.5.3}{\376\377\000G\000r\000\341\000f\000i\000c\000o}{subsection.2.5}% 15
\BOOKMARK [1][-]{section.3}{\376\377\000M\000e\000d\000i\000\347\000\365\000e\000s\000\040\000e\000m\000\040\000l\000a\000b\000o\000r\000a\000t\000\363\000r\000i\000o}{}% 16
\BOOKMARK [2][-]{subsection.3.1}{\376\377\000B\000u\000f\000f\000e\000r\000\040\000d\000e\000\040\000c\000o\000r\000r\000e\000n\000t\000e}{section.3}% 17
\BOOKMARK [2][-]{subsection.3.2}{\376\377\000C\000o\000m\000p\000o\000n\000e\000n\000t\000e\000s}{section.3}% 18
\BOOKMARK [2][-]{subsection.3.3}{\376\377\000E\000x\000e\000m\000p\000l\000o\000\040\0001}{section.3}% 19
\BOOKMARK [3][-]{subsubsection.3.3.1}{\376\377\000G\000r\000\341\000f\000i\000c\000o\000\040\000d\000e\000\040\000V\000o\000\050\000t\000\051}{subsection.3.3}% 20
\BOOKMARK [3][-]{subsubsection.3.3.2}{\376\377\000M\000\355\000n\000i\000m\000o\000s\000\040\000e\000\040\000m\000\341\000x\000i\000m\000o\000s\000.}{subsection.3.3}% 21
\BOOKMARK [2][-]{subsection.3.4}{\376\377\000E\000x\000e\000m\000p\000l\000o\000\040\0002}{section.3}% 22
\BOOKMARK [3][-]{subsubsection.3.4.1}{\376\377\000G\000r\000\341\000f\000i\000c\000o\000\040\000d\000e\000\040\000V\000o\000\050\000t\000\051}{subsection.3.4}% 23
\BOOKMARK [3][-]{subsubsection.3.4.2}{\376\377\000M\000\355\000n\000i\000m\000o\000s\000\040\000e\000\040\000m\000\341\000x\000i\000m\000o\000s\000.}{subsection.3.4}% 24
\BOOKMARK [1][-]{section.4}{\376\377\000A\000n\000\341\000l\000i\000s\000e\000\040\000d\000o\000s\000\040\000r\000e\000s\000u\000l\000t\000a\000d\000o\000s}{}% 25
\BOOKMARK [2][-]{subsection.4.1}{\376\377\000E\000x\000e\000m\000p\000l\000o\000\040\0001}{section.4}% 26
\BOOKMARK [3][-]{subsubsection.4.1.1}{\376\377\000G\000r\000\341\000f\000i\000c\000o\000s}{subsection.4.1}% 27
\BOOKMARK [3][-]{subsubsection.4.1.2}{\376\377\000M\000\355\000n\000i\000m\000o\000s\000\040\000e\000\040\000m\000\341\000x\000i\000m\000o\000s}{subsection.4.1}% 28
\BOOKMARK [2][-]{subsection.4.2}{\376\377\000E\000x\000e\000m\000p\000l\000o\000\040\0002}{section.4}% 29
\BOOKMARK [3][-]{subsubsection.4.2.1}{\376\377\000G\000r\000\341\000f\000i\000c\000o\000s}{subsection.4.2}% 30
\BOOKMARK [3][-]{subsubsection.4.2.2}{\376\377\000M\000\355\000n\000i\000m\000o\000s\000\040\000e\000\040\000m\000\341\000x\000i\000m\000o\000s}{subsection.4.2}% 31
\BOOKMARK [1][-]{section.5}{\376\377\000C\000o\000n\000c\000l\000u\000s\000\365\000e\000s}{}% 32
\BOOKMARK [1][-]{section.6}{\376\377\000A\000p\000\352\000n\000d\000i\000c\000e}{}% 33
