Analysis & Synthesis report for projetos
Tue Mar  7 14:28:01 2023
Quartus Prime Version 21.1.1 Build 850 06/23/2022 SJ Lite Edition


---------------------
; Table of Contents ;
---------------------
  1. Legal Notice
  2. Analysis & Synthesis Summary
  3. Analysis & Synthesis Settings
  4. Parallel Compilation
  5. Analysis & Synthesis Messages



----------------
; Legal Notice ;
----------------
Copyright (C) 2022  Intel Corporation. All rights reserved.
Your use of Intel Corporation's design tools, logic functions 
and other software and tools, and any partner logic 
functions, and any output files from any of the foregoing 
(including device programming or simulation files), and any 
associated documentation or information are expressly subject 
to the terms and conditions of the Intel Program License 
Subscription Agreement, the Intel Quartus Prime License Agreement,
the Intel FPGA IP License Agreement, or other applicable license
agreement, including, without limitation, that your use is for
the sole purpose of programming logic devices manufactured by
Intel and sold by Intel or its authorized distributors.  Please
refer to the applicable agreement for further details, at
https://fpgasoftware.intel.com/eula.



+----------------------------------------------------------------------------------+
; Analysis & Synthesis Summary                                                     ;
+------------------------------------+---------------------------------------------+
; Analysis & Synthesis Status        ; Failed - Tue Mar  7 14:28:01 2023           ;
; Quartus Prime Version              ; 21.1.1 Build 850 06/23/2022 SJ Lite Edition ;
; Revision Name                      ; projetos                                    ;
; Top-level Entity Name              ; programa_secundario2                        ;
; Family                             ; Cyclone IV E                                ;
; Total logic elements               ; N/A until Partition Merge                   ;
;     Total combinational functions  ; N/A until Partition Merge                   ;
;     Dedicated logic registers      ; N/A until Partition Merge                   ;
; Total registers                    ; N/A until Partition Merge                   ;
; Total pins                         ; N/A until Partition Merge                   ;
; Total virtual pins                 ; N/A until Partition Merge                   ;
; Total memory bits                  ; N/A until Partition Merge                   ;
; Embedded Multiplier 9-bit elements ; N/A until Partition Merge                   ;
; Total PLLs                         ; N/A until Partition Merge                   ;
+------------------------------------+---------------------------------------------+


+--------------------------------------------------------------------------------------------------------------+
; Analysis & Synthesis Settings                                                                                ;
+------------------------------------------------------------------+----------------------+--------------------+
; Option                                                           ; Setting              ; Default Value      ;
+------------------------------------------------------------------+----------------------+--------------------+
; Device                                                           ; EP4CE22F17C6         ;                    ;
; Top-level entity name                                            ; programa_secundario2 ; projetos           ;
; Family name                                                      ; Cyclone IV E         ; Cyclone V          ;
; Use smart compilation                                            ; Off                  ; Off                ;
; Enable parallel Assembler and Timing Analyzer during compilation ; On                   ; On                 ;
; Enable compact report table                                      ; Off                  ; Off                ;
; Restructure Multiplexers                                         ; Auto                 ; Auto               ;
; Create Debugging Nodes for IP Cores                              ; Off                  ; Off                ;
; Preserve fewer node names                                        ; On                   ; On                 ;
; Intel FPGA IP Evaluation Mode                                    ; Enable               ; Enable             ;
; Verilog Version                                                  ; Verilog_2001         ; Verilog_2001       ;
; VHDL Version                                                     ; VHDL_1993            ; VHDL_1993          ;
; State Machine Processing                                         ; Auto                 ; Auto               ;
; Safe State Machine                                               ; Off                  ; Off                ;
; Extract Verilog State Machines                                   ; On                   ; On                 ;
; Extract VHDL State Machines                                      ; On                   ; On                 ;
; Ignore Verilog initial constructs                                ; Off                  ; Off                ;
; Iteration limit for constant Verilog loops                       ; 5000                 ; 5000               ;
; Iteration limit for non-constant Verilog loops                   ; 250                  ; 250                ;
; Add Pass-Through Logic to Inferred RAMs                          ; On                   ; On                 ;
; Infer RAMs from Raw Logic                                        ; On                   ; On                 ;
; Parallel Synthesis                                               ; On                   ; On                 ;
; DSP Block Balancing                                              ; Auto                 ; Auto               ;
; NOT Gate Push-Back                                               ; On                   ; On                 ;
; Power-Up Don't Care                                              ; On                   ; On                 ;
; Remove Redundant Logic Cells                                     ; Off                  ; Off                ;
; Remove Duplicate Registers                                       ; On                   ; On                 ;
; Ignore CARRY Buffers                                             ; Off                  ; Off                ;
; Ignore CASCADE Buffers                                           ; Off                  ; Off                ;
; Ignore GLOBAL Buffers                                            ; Off                  ; Off                ;
; Ignore ROW GLOBAL Buffers                                        ; Off                  ; Off                ;
; Ignore LCELL Buffers                                             ; Off                  ; Off                ;
; Ignore SOFT Buffers                                              ; On                   ; On                 ;
; Limit AHDL Integers to 32 Bits                                   ; Off                  ; Off                ;
; Optimization Technique                                           ; Balanced             ; Balanced           ;
; Carry Chain Length                                               ; 70                   ; 70                 ;
; Auto Carry Chains                                                ; On                   ; On                 ;
; Auto Open-Drain Pins                                             ; On                   ; On                 ;
; Perform WYSIWYG Primitive Resynthesis                            ; Off                  ; Off                ;
; Auto ROM Replacement                                             ; On                   ; On                 ;
; Auto RAM Replacement                                             ; On                   ; On                 ;
; Auto DSP Block Replacement                                       ; On                   ; On                 ;
; Auto Shift Register Replacement                                  ; Auto                 ; Auto               ;
; Allow Shift Register Merging across Hierarchies                  ; Auto                 ; Auto               ;
; Auto Clock Enable Replacement                                    ; On                   ; On                 ;
; Strict RAM Replacement                                           ; Off                  ; Off                ;
; Allow Synchronous Control Signals                                ; On                   ; On                 ;
; Force Use of Synchronous Clear Signals                           ; Off                  ; Off                ;
; Auto RAM Block Balancing                                         ; On                   ; On                 ;
; Auto RAM to Logic Cell Conversion                                ; Off                  ; Off                ;
; Auto Resource Sharing                                            ; Off                  ; Off                ;
; Allow Any RAM Size For Recognition                               ; Off                  ; Off                ;
; Allow Any ROM Size For Recognition                               ; Off                  ; Off                ;
; Allow Any Shift Register Size For Recognition                    ; Off                  ; Off                ;
; Use LogicLock Constraints during Resource Balancing              ; On                   ; On                 ;
; Ignore translate_off and synthesis_off directives                ; Off                  ; Off                ;
; Timing-Driven Synthesis                                          ; On                   ; On                 ;
; Report Parameter Settings                                        ; On                   ; On                 ;
; Report Source Assignments                                        ; On                   ; On                 ;
; Report Connectivity Checks                                       ; On                   ; On                 ;
; Ignore Maximum Fan-Out Assignments                               ; Off                  ; Off                ;
; Synchronization Register Chain Length                            ; 2                    ; 2                  ;
; Power Optimization During Synthesis                              ; Normal compilation   ; Normal compilation ;
; HDL message level                                                ; Level2               ; Level2             ;
; Suppress Register Optimization Related Messages                  ; Off                  ; Off                ;
; Number of Removed Registers Reported in Synthesis Report         ; 5000                 ; 5000               ;
; Number of Swept Nodes Reported in Synthesis Report               ; 5000                 ; 5000               ;
; Number of Inverted Registers Reported in Synthesis Report        ; 100                  ; 100                ;
; Clock MUX Protection                                             ; On                   ; On                 ;
; Auto Gated Clock Conversion                                      ; Off                  ; Off                ;
; Block Design Naming                                              ; Auto                 ; Auto               ;
; SDC constraint protection                                        ; Off                  ; Off                ;
; Synthesis Effort                                                 ; Auto                 ; Auto               ;
; Shift Register Replacement - Allow Asynchronous Clear Signal     ; On                   ; On                 ;
; Pre-Mapping Resynthesis Optimization                             ; Off                  ; Off                ;
; Analysis & Synthesis Message Level                               ; Medium               ; Medium             ;
; Disable Register Merging Across Hierarchies                      ; Auto                 ; Auto               ;
; Resource Aware Inference For Block RAM                           ; On                   ; On                 ;
+------------------------------------------------------------------+----------------------+--------------------+


+------------------------------------------+
; Parallel Compilation                     ;
+----------------------------+-------------+
; Processors                 ; Number      ;
+----------------------------+-------------+
; Number detected on machine ; 16          ;
; Maximum allowed            ; 16          ;
;                            ;             ;
; Average used               ; 1.00        ;
; Maximum used               ; 1           ;
;                            ;             ;
; Usage by Processor         ; % Time Used ;
;     Processor 1            ; 100.0%      ;
+----------------------------+-------------+


+-------------------------------+
; Analysis & Synthesis Messages ;
+-------------------------------+
Info: *******************************************************************
Info: Running Quartus Prime Analysis & Synthesis
    Info: Version 21.1.1 Build 850 06/23/2022 SJ Lite Edition
    Info: Processing started: Tue Mar  7 14:27:56 2023
Info: Command: quartus_map --read_settings_files=on --write_settings_files=off projetos -c projetos
Warning (18236): Number of processors has not been specified which may cause overloading on shared machines.  Set the global assignment NUM_PARALLEL_PROCESSORS in your QSF to an appropriate value for best performance.
Info (20030): Parallel compilation is enabled and will use 16 of the 16 processors detected
Info (12021): Found 2 design units, including 1 entities, in source file teste0.vhd
    Info (12022): Found design unit 1: teste0-behaviorOfTest File: /home/hpsilva/Documents/ufpe_ee/5th semester/Digital Circuits/CircuitoSubtrador/teste0.vhd Line: 23
    Info (12023): Found entity 1: teste0 File: /home/hpsilva/Documents/ufpe_ee/5th semester/Digital Circuits/CircuitoSubtrador/teste0.vhd Line: 6
Info (12021): Found 2 design units, including 1 entities, in source file programa_secundario.vhd
    Info (12022): Found design unit 1: programa_secundario-comportamento File: /home/hpsilva/Documents/ufpe_ee/5th semester/Digital Circuits/CircuitoSubtrador/programa_secundario.vhd Line: 10
    Info (12023): Found entity 1: programa_secundario File: /home/hpsilva/Documents/ufpe_ee/5th semester/Digital Circuits/CircuitoSubtrador/programa_secundario.vhd Line: 5
Info (12021): Found 2 design units, including 1 entities, in source file teste1.vhd
    Info (12022): Found design unit 1: teste1-behaviorOfTest File: /home/hpsilva/Documents/ufpe_ee/5th semester/Digital Circuits/CircuitoSubtrador/teste1.vhd Line: 23
    Info (12023): Found entity 1: teste1 File: /home/hpsilva/Documents/ufpe_ee/5th semester/Digital Circuits/CircuitoSubtrador/teste1.vhd Line: 6
Info (12021): Found 2 design units, including 1 entities, in source file programa_secundario2.vhd
    Info (12022): Found design unit 1: programa_secundario2-comportamento File: /home/hpsilva/Documents/ufpe_ee/5th semester/Digital Circuits/CircuitoSubtrador/programa_secundario2.vhd Line: 10
    Info (12023): Found entity 1: programa_secundario2 File: /home/hpsilva/Documents/ufpe_ee/5th semester/Digital Circuits/CircuitoSubtrador/programa_secundario2.vhd Line: 5
Info (12021): Found 2 design units, including 1 entities, in source file teste2.vhd
    Info (12022): Found design unit 1: teste2-behaviorOfTest File: /home/hpsilva/Documents/ufpe_ee/5th semester/Digital Circuits/CircuitoSubtrador/teste2.vhd Line: 23
    Info (12023): Found entity 1: teste2 File: /home/hpsilva/Documents/ufpe_ee/5th semester/Digital Circuits/CircuitoSubtrador/teste2.vhd Line: 6
Info (12021): Found 2 design units, including 1 entities, in source file programa_secundario3.vhd
    Info (12022): Found design unit 1: programa_secundario3-comportamento File: /home/hpsilva/Documents/ufpe_ee/5th semester/Digital Circuits/CircuitoSubtrador/programa_secundario3.vhd Line: 10
    Info (12023): Found entity 1: programa_secundario3 File: /home/hpsilva/Documents/ufpe_ee/5th semester/Digital Circuits/CircuitoSubtrador/programa_secundario3.vhd Line: 5
Info (12021): Found 2 design units, including 1 entities, in source file teste3.vhd
    Info (12022): Found design unit 1: teste3-behaviorOfTest File: /home/hpsilva/Documents/ufpe_ee/5th semester/Digital Circuits/CircuitoSubtrador/teste3.vhd Line: 23
    Info (12023): Found entity 1: teste3 File: /home/hpsilva/Documents/ufpe_ee/5th semester/Digital Circuits/CircuitoSubtrador/teste3.vhd Line: 6
Error (10437): VHDL Association List error at teste3.vhd(34): positional associations must be listed before named associations File: /home/hpsilva/Documents/ufpe_ee/5th semester/Digital Circuits/CircuitoSubtrador/teste3.vhd Line: 34
Error: Quartus Prime Analysis & Synthesis was unsuccessful. 1 error, 1 warning
    Error: Peak virtual memory: 421 megabytes
    Error: Processing ended: Tue Mar  7 14:28:01 2023
    Error: Elapsed time: 00:00:05
    Error: Total CPU time (on all processors): 00:00:19


